1512128543181	geckodriver	INFO	geckodriver 0.19.1
1512128543214	geckodriver	INFO	Listening on 127.0.0.1:51507
1512128545492	mozrunner::runner	INFO	Running command: "C:\\Program Files\\Mozilla Firefox\\firefox.exe" "-marionette" "-profile" "C:\\Users\\mayurib\\AppData\\Local\\Temp\\rust_mozprofile.zRr2YFwz7Ua2"
1512128547448	Marionette	INFO	Enabled via --marionette
Unable to read VR Path Registry from C:\Users\mayurib\AppData\Local\openvr\openvrpaths.vrpath
[Child 28840, Chrome_ChildThread] WARNING: pipe error: 109: file z:/build/build/src/ipc/chromium/src/chrome/common/ipc_channel_win.cc, line 346
[Child 28840, Chrome_ChildThread] WARNING: pipe error: 109: file z:/build/build/src/ipc/chromium/src/chrome/common/ipc_channel_win.cc, line 346
1512128551593	Marionette	INFO	Listening on port 51513
1512128552079	Marionette	WARN	TLS certificate errors will be ignored for this session
1512128552148	Marionette	DEBUG	Register listener.js for window 4294967297
Unable to read VR Path Registry from C:\Users\mayurib\AppData\Local\openvr\openvrpaths.vrpath
[Parent 2780, Gecko_IOThread] WARNING: pipe error: 109: file z:/build/build/src/ipc/chromium/src/chrome/common/ipc_channel_win.cc, line 346
[Parent 2780, Gecko_IOThread] WARNING: pipe error: 109: file z:/build/build/src/ipc/chromium/src/chrome/common/ipc_channel_win.cc, line 346
Unable to read VR Path Registry from C:\Users\mayurib\AppData\Local\openvr\openvrpaths.vrpath
[Child 16620, Chrome_ChildThread] WARNING: pipe error: 109: file z:/build/build/src/ipc/chromium/src/chrome/common/ipc_channel_win.cc, line 346
[Child 16620, Chrome_ChildThread] WARNING: pipe error: 109: file z:/build/build/src/ipc/chromium/src/chrome/common/ipc_channel_win.cc, line 346
Unable to read VR Path Registry from C:\Users\mayurib\AppData\Local\openvr\openvrpaths.vrpath
[Child 24384, Chrome_ChildThread] WARNING: pipe error: 109: file z:/build/build/src/ipc/chromium/src/chrome/common/ipc_channel_win.cc, line 346
[Child 24384, Chrome_ChildThread] WARNING: pipe error: 109: file z:/build/build/src/ipc/chromium/src/chrome/common/ipc_channel_win.cc, line 346
*** UTM:SVC TimerManager:registerTimer called after profile-before-change notification. Ignoring timer registration for id: telemetry_modules_ping

###!!! [Child][MessageChannel::SendAndWait] Error: Channel error: cannot send/recv

er called after profile-before-change notification. Ignoring timer registration for id: telemetry_modules_ping
Unable to read VR Path Registry from C:\Users\mayurib\AppData\Local\openvr\openvrpaths.vrpath
[GPU 16784, Chrome_ChildThread] WARNING: pipe error: 109: file z:/build/build/src/ipc/chromium/src/chrome/common/ipc_channel_win.cc, line 346

###!!! [Child][MessageChannel::SendAndWait] Error: Channel error: cannot send/recv

1512128957474	geckodriver	INFO	geckodriver 0.19.1
1512128957492	geckodriver	INFO	Listening on 127.0.0.1:51672
1512128959837	mozrunner::runner	INFO	Running command: "C:\\Program Files\\Mozilla Firefox\\firefox.exe" "-marionette" "-profile" "C:\\Users\\mayurib\\AppData\\Local\\Temp\\rust_mozprofile.3IIASQstMXLI"
1512128962207	Marionette	INFO	Enabled via --marionette
Unable to read VR Path Registry from C:\Users\mayurib\AppData\Local\openvr\openvrpaths.vrpath
[Parent 29456, Gecko_IOThread] WARNING: pipe error: 109: file z:/build/build/src/ipc/chromium/src/chrome/common/ipc_channel_win.cc, line 346
1512128966657	Marionette	INFO	Listening on port 51678
1512128967514	Marionette	WARN	TLS certificate errors will be ignored for this session
1512128967613	Marionette	DEBUG	Register listener.js for window 4294967297
[Parent 29456, Gecko_IOThread] WARNING: pipe error: 109: file z:/build/build/src/ipc/chromium/src/chrome/common/ipc_channel_win.cc, line 346
Unable to read VR Path Registry from C:\Users\mayurib\AppData\Local\openvr\openvrpaths.vrpath
[Child 29628, Chrome_ChildThread] WARNING: pipe error: 109: file z:/build/build/src/ipc/chromium/src/chrome/common/ipc_channel_win.cc, line 346
*** UTM:SVC TimerManager:registerTimer called after profile-before-change notification. Ignoring timer registration for id: telemetry_modules_ping

###!!! [Child][MessageChannel::SendAndWait] Error: Channel error: cannot send/recv

1512129095493	geckodriver	INFO	geckodriver 0.19.1
1512129095529	geckodriver	INFO	Listening on 127.0.0.1:51813
1512129097814	mozrunner::runner	INFO	Running command: "C:\\Program Files\\Mozilla Firefox\\firefox.exe" "-marionette" "-profile" "C:\\Users\\mayurib\\AppData\\Local\\Temp\\rust_mozprofile.2VKkZrwGEDc5"
1512129100243	Marionette	INFO	Enabled via --marionette
Unable to read VR Path Registry from C:\Users\mayurib\AppData\Local\openvr\openvrpaths.vrpath
[Child 2812, Chrome_ChildThread] WARNING: pipe error: 109: file z:/build/build/src/ipc/chromium/src/chrome/common/ipc_channel_win.cc, line 346
[Child 2812, Chrome_ChildThread] WARNING: pipe error: 109: file z:/build/build/src/ipc/chromium/src/chrome/common/ipc_channel_win.cc, line 346
1512129104593	Marionette	INFO	Listening on port 51821
1512129105689	Marionette	WARN	TLS certificate errors will be ignored for this session
1512129105768	Marionette	DEBUG	Register listener.js for window 4294967297
Unable to read VR Path Registry from C:\Users\mayurib\AppData\Local\openvr\openvrpaths.vrpath
[Parent 23616, Gecko_IOThread] WARNING: pipe error: 109: file z:/build/build/src/ipc/chromium/src/chrome/common/ipc_channel_win.cc, line 346
[Parent 23616, Gecko_IOThread] WARNING: pipe error: 109: file z:/build/build/src/ipc/chromium/src/chrome/common/ipc_channel_win.cc, line 346
Unable to read VR Path Registry from C:\Users\mayurib\AppData\Local\openvr\openvrpaths.vrpath
[Child 15464, Chrome_ChildThread] WARNING: pipe error: 109: file z:/build/build/src/ipc/chromium/src/chrome/common/ipc_channel_win.cc, line 346
Unable to read VR Path Registry from C:\Users\mayurib\AppData\Local\openvr\openvrpaths.vrpath
[Child 26480, Chrome_ChildThread] WARNING: pipe error: 109: file z:/build/build/src/ipc/chromium/src/chrome/common/ipc_channel_win.cc, line 346
*** UTM:SVC TimerManager:registerTimer called after profile-before-change notification. Ignoring timer registration for id: telemetry_modules_ping

###!!! [Child][MessageChannel::SendAndWait] Error: Channel error: cannot send/recv

1512549436663	geckodriver	INFO	geckodriver 0.19.1
1512549436751	geckodriver	INFO	Listening on 127.0.0.1:2434
1512549438878	mozrunner::runner	INFO	Running command: "C:\\Program Files\\Mozilla Firefox\\firefox.exe" "-marionette" "-profile" "C:\\Users\\mayurib\\AppData\\Local\\Temp\\rust_mozprofile.8dlVSFk7IPOu"
1512549446393	Marionette	INFO	Enabled via --marionette
Unable to read VR Path Registry from C:\Users\mayurib\AppData\Local\openvr\openvrpaths.vrpath
[Parent 3348, Gecko_IOThread] WARNING: pipe error: 109: file z:/build/build/src/ipc/chromium/src/chrome/common/ipc_channel_win.cc, line 346
Unable to read VR Path Registry from C:\Users\mayurib\AppData\Local\openvr\openvrpaths.vrpath
[Child 9568, Chrome_ChildThread] WARNING: pipe error: 109: file z:/build/build/src/ipc/chromium/src/chrome/common/ipc_channel_win.cc, line 346
[Child 9568, Chrome_ChildThread] WARNING: pipe error: 109: file z:/build/build/src/ipc/chromium/src/chrome/common/ipc_channel_win.cc, line 346
1512549460132	Marionette	INFO	Listening on port 2441
1512549460406	Marionette	WARN	TLS certificate errors will be ignored for this session
1512549460719	Marionette	DEBUG	Register listener.js for window 4294967297
[Parent 3348, Gecko_IOThread] WARNING: pipe error: 109: file z:/build/build/src/ipc/chromium/src/chrome/common/ipc_channel_win.cc, line 346
Unable to read VR Path Registry from C:\Users\mayurib\AppData\Local\openvr\openvrpaths.vrpath
[Child 10592, Chrome_ChildThread] WARNING: pipe error: 109: file z:/build/build/src/ipc/chromium/src/chrome/common/ipc_channel_win.cc, line 346

###!!! [Child][MessageChannel::SendAndWait] Error: Channel error: cannot send/recv

 15536, Gecko_IOThread] WARNING: pipe error: 109: file z:/build/build/src/ipc/chromium/src/chrome/common/ipc_channel_win.cc, line 346
Unable to read VR Path Registry from C:\Users\mayurib\AppData\Local\openvr\openvrpaths.vrpath
[Child 8724, Chrome_ChildThread] WARNING: pipe error: 109: file z:/build/build/src/ipc/chromium/src/chrome/common/ipc_channel_win.cc, line 346
[Child 8724, Chrome_ChildThread] WARNING: pipe error: 109: file z:/build/build/src/ipc/chromium/src/chrome/common/ipc_channel_win.cc, line 346
1512549473066	Marionette	INFO	Listening on port 2492
1512549473518	Marionette	WARN	TLS certificate errors will be ignored for this session
1512549473802	Marionette	DEBUG	Register listener.js for window 4294967297
[Parent 15536, Gecko_IOThread] WARNING: pipe error: 109: file z:/build/build/src/ipc/chromium/src/chrome/common/ipc_channel_win.cc, line 346
Unable to read VR Path Registry from C:\Users\mayurib\AppData\Local\openvr\openvrpaths.vrpath
[Child 8452, Chrome_ChildThread] WARNING: pipe error: 109: file z:/build/build/src/ipc/chromium/src/chrome/common/ipc_channel_win.cc, line 346
Unable to read VR Path Registry from C:\Users\mayurib\AppData\Local\openvr\openvrpaths.vrpath
[Child 10972, Chrome_ChildThread] WARNING: pipe error: 109: file z:/build/build/src/ipc/chromium/src/chrome/common/ipc_channel_win.cc, line 346

###!!! [Child][MessageChannel::SendAndWait] Error: Channel error: cannot send/recv

1512550017353	geckodriver	INFO	geckodriver 0.19.1
1512550017390	geckodriver	INFO	Listening on 127.0.0.1:2619
1512550019730	mozrunner::runner	INFO	Running command: "C:\\Program Files\\Mozilla Firefox\\firefox.exe" "-marionette" "-profile" "C:\\Users\\mayurib\\AppData\\Local\\Temp\\rust_mozprofile.aBvAc5MrXAML"
1512550022206	Marionette	INFO	Enabled via --marionette
Unable to read VR Path Registry from C:\Users\mayurib\AppData\Local\openvr\openvrpaths.vrpath
[Parent 9416, Gecko_IOThread] WARNING: pipe error: 109: file z:/build/build/src/ipc/chromium/src/chrome/common/ipc_channel_win.cc, line 346
Unable to read VR Path Registry from C:\Users\mayurib\AppData\Local\openvr\openvrpaths.vrpath
[Child 14488, Chrome_ChildThread] WARNING: pipe error: 109: file z:/build/build/src/ipc/chromium/src/chrome/common/ipc_channel_win.cc, line 346
[Child 14488, Chrome_ChildThread] WARNING: pipe error: 109: file z:/build/build/src/ipc/chromium/src/chrome/common/ipc_channel_win.cc, line 346
1512550026256	Marionette	INFO	Listening on port 2625
1512550027375	Marionette	WARN	TLS certificate errors will be ignored for this session
1512550027449	Marionette	DEBUG	Register listener.js for window 4294967297
[Parent 9416, Gecko_IOThread] WARNING: pipe error: 109: file z:/build/build/src/ipc/chromium/src/chrome/common/ipc_channel_win.cc, line 346
Unable to read VR Path Registry from C:\Users\mayurib\AppData\Local\openvr\openvrpaths.vrpath
[Child 9436, Chrome_ChildThread] WARNING: pipe error: 109: file z:/build/build/src/ipc/chromium/src/chrome/common/ipc_channel_win.cc, line 346
Unable to read VR Path Registry from C:\Users\mayurib\AppData\Local\openvr\openvrpaths.vrpath
[Child 15804, Chrome_ChildThread] WARNING: pipe error: 109: file z:/build/build/src/ipc/chromium/src/chrome/common/ipc_channel_win.cc, line 346
*** UTM:SVC TimerManager:registerTimer called after profile-before-change notification. Ignoring timer registration for id: telemetry_modules_ping

###!!! [Child][MessageChannel::SendAndWait] Error: Channel error: cannot send/recv

 will be ignored for this session
1512550036822	Marionette	DEBUG	Register listener.js for window 4294967297
Unable to read VR Path Registry from C:\Users\mayurib\AppData\Local\openvr\openvrpaths.vrpath
[Parent 8948, Gecko_IOThread] WARNING: pipe error: 109: file z:/build/build/src/ipc/chromium/src/chrome/common/ipc_channel_win.cc, line 346
[Parent 8948, Gecko_IOThread] WARNING: pipe error: 109: file z:/build/build/src/ipc/chromium/src/chrome/common/ipc_channel_win.cc, line 346
Unable to read VR Path Registry from C:\Users\mayurib\AppData\Local\openvr\openvrpaths.vrpath
[Child 404, Chrome_ChildThread] WARNING: pipe error: 109: file z:/build/build/src/ipc/chromium/src/chrome/common/ipc_channel_win.cc, line 346
[Child 404, Chrome_ChildThread] WARNING: pipe error: 109: file z:/build/build/src/ipc/chromium/src/chrome/common/ipc_channel_win.cc, line 346
Unable to read VR Path Registry from C:\Users\mayurib\AppData\Local\openvr\openvrpaths.vrpath
[Child 16516, Chrome_ChildThread] WARNING: pipe error: 109: file z:/build/build/src/ipc/chromium/src/chrome/common/ipc_channel_win.cc, line 346
[Child 16516, Chrome_ChildThread] WARNING: pipe error: 109: file z:/build/build/src/ipc/chromium/src/chrome/common/ipc_channel_win.cc, line 346
*** UTM:SVC TimerManager:registerTimer called after profile-before-change notification. Ignoring timer registration for id: telemetry_modules_ping

###!!! [Child][MessageChannel::SendAndWait] Error: Channel error: cannot send/recv

1512550136902	geckodriver	INFO	geckodriver 0.19.1
1512550136933	geckodriver	INFO	Listening on 127.0.0.1:2697
1512550139257	mozrunner::runner	INFO	Running command: "C:\\Program Files\\Mozilla Firefox\\firefox.exe" "-marionette" "-profile" "C:\\Users\\mayurib\\AppData\\Local\\Temp\\rust_mozprofile.AFfqOIPdsjvo"
1512550141390	Marionette	INFO	Enabled via --marionette
Unable to read VR Path Registry from C:\Users\mayurib\AppData\Local\openvr\openvrpaths.vrpath
[Child 17576, Chrome_ChildThread] WARNING: pipe error: 109: file z:/build/build/src/ipc/chromium/src/chrome/common/ipc_channel_win.cc, line 346
[Child 17576, Chrome_ChildThread] WARNING: pipe error: 109: file z:/build/build/src/ipc/chromium/src/chrome/common/ipc_channel_win.cc, line 346
1512550145306	Marionette	INFO	Listening on port 2703
1512550145717	Marionette	WARN	TLS certificate errors will be ignored for this session
1512550145789	Marionette	DEBUG	Register listener.js for window 4294967297
Unable to read VR Path Registry from C:\Users\mayurib\AppData\Local\openvr\openvrpaths.vrpath
[Child 6600, Chrome_ChildThread] WARNING: pipe error: 109: file z:/build/build/src/ipc/chromium/src/chrome/common/ipc_channel_win.cc, line 346
Unable to read VR Path Registry from C:\Users\mayurib\AppData\Local\openvr\openvrpaths.vrpath
[Child 17112, Chrome_ChildThread] WARNING: pipe error: 109: file z:/build/build/src/ipc/chromium/src/chrome/common/ipc_channel_win.cc, line 346
[Child 17112, Chrome_ChildThread] WARNING: pipe error: 109: file z:/build/build/src/ipc/chromium/src/chrome/common/ipc_channel_win.cc, line 346
*** UTM:SVC TimerManager:registerTimer called after profile-before-change notification. Ignoring timer registration for id: telemetry_modules_ping

###!!! [Child][MessageChannel::SendAndWait] Error: Channel error: cannot send/recv

Unable to read VR Path Registry from C:\Users\mayurib\AppData\Local\openvr\openvrpaths.vrpath
 4294967297
Unable to read VR Path Registry from C:\Users\mayurib\AppData\Local\openvr\openvrpaths.vrpath
[Child 17024, Chrome_ChildThread] WARNING: pipe error: 109: file z:/build/build/src/ipc/chromium/src/chrome/common/ipc_channel_win.cc, line 346
[Child 17024, Chrome_ChildThread] WARNING: pipe error: 109: file z:/build/build/src/ipc/chromium/src/chrome/common/ipc_channel_win.cc, line 346
*** UTM:SVC TimerManager:registerTimer called after profile-before-change notification. Ignoring timer registration for id: telemetry_modules_ping

###!!! [Child][MessageChannel::SendAndWait] Error: Channel error: cannot send/recv

Unable to read VR Path Registry from C:\Users\mayurib\AppData\Local\openvr\openvrpaths.vrpath
1512550540042	geckodriver	INFO	geckodriver 0.19.1
1512550540070	geckodriver	INFO	Listening on 127.0.0.1:2818
1512550542243	mozrunner::runner	INFO	Running command: "C:\\Program Files\\Mozilla Firefox\\firefox.exe" "-marionette" "-profile" "C:\\Users\\mayurib\\AppData\\Local\\Temp\\rust_mozprofile.pk4NIlQAXMpU"
1512550544013	Marionette	INFO	Enabled via --marionette
Unable to read VR Path Registry from C:\Users\mayurib\AppData\Local\openvr\openvrpaths.vrpath
[Parent 10996, Gecko_IOThread] WARNING: pipe error: 109: file z:/build/build/src/ipc/chromium/src/chrome/common/ipc_channel_win.cc, line 346
Unable to read VR Path Registry from C:\Users\mayurib\AppData\Local\openvr\openvrpaths.vrpath
[Child 2644, Chrome_ChildThread] WARNING: pipe error: 109: file z:/build/build/src/ipc/chromium/src/chrome/common/ipc_channel_win.cc, line 346
[Child 2644, Chrome_ChildThread] WARNING: pipe error: 109: file z:/build/build/src/ipc/chromium/src/chrome/common/ipc_channel_win.cc, line 346
1512550552443	Marionette	INFO	Listening on port 2824
1512550553097	Marionette	WARN	TLS certificate errors will be ignored for this session
1512550553274	Marionette	DEBUG	Register listener.js for window 4294967297
[Parent 10996, Gecko_IOThread] WARNING: pipe error: 109: file z:/build/build/src/ipc/chromium/src/chrome/common/ipc_channel_win.cc, line 346
*** UTM:SVC TimerManager:registerTimer called after profile-before-change notification. Ignoring timer registration for id: telemetry_modules_ping

###!!! [Child][MessageChannel::SendAndWait] Error: Channel error: cannot send/recv

ead VR Path Registry from C:\Users\mayurib\AppData\Local\openvr\openvrpaths.vrpath
[Parent 13080, Gecko_IOThread] WARNING: pipe error: 109: file z:/build/build/src/ipc/chromium/src/chrome/common/ipc_channel_win.cc, line 346
Unable to read VR Path Registry from C:\Users\mayurib\AppData\Local\openvr\openvrpaths.vrpath
[Child 13588, Chrome_ChildThread] WARNING: pipe error: 109: file z:/build/build/src/ipc/chromium/src/chrome/common/ipc_channel_win.cc, line 346
[Child 13588, Chrome_ChildThread] WARNING: pipe error: 109: file z:/build/build/src/ipc/chromium/src/chrome/common/ipc_channel_win.cc, line 346
1512550569804	Marionette	INFO	Listening on port 2859
1512550570553	Marionette	WARN	TLS certificate errors will be ignored for this session
1512550570823	Marionette	DEBUG	Register listener.js for window 4294967297
[Parent 13080, Gecko_IOThread] WARNING: pipe error: 109: file z:/build/build/src/ipc/chromium/src/chrome/common/ipc_channel_win.cc, line 346
*** UTM:SVC TimerManager:registerTimer called after profile-before-change notification. Ignoring timer registration for id: telemetry_modules_ping

###!!! [Child][MessageChannel::SendAndWait] Error: Channel error: cannot send/recv

1512550692429	geckodriver	INFO	geckodriver 0.19.1
1512550692469	geckodriver	INFO	Listening on 127.0.0.1:2914
1512550694773	mozrunner::runner	INFO	Running command: "C:\\Program Files\\Mozilla Firefox\\firefox.exe" "-marionette" "-profile" "C:\\Users\\mayurib\\AppData\\Local\\Temp\\rust_mozprofile.XwSsdsI0LWi4"
1512550697078	Marionette	INFO	Enabled via --marionette
Unable to read VR Path Registry from C:\Users\mayurib\AppData\Local\openvr\openvrpaths.vrpath
[Child 3488, Chrome_ChildThread] WARNING: pipe error: 109: file z:/build/build/src/ipc/chromium/src/chrome/common/ipc_channel_win.cc, line 346
[Child 3488, Chrome_ChildThread] WARNING: pipe error: 109: file z:/build/build/src/ipc/chromium/src/chrome/common/ipc_channel_win.cc, line 346
1512550706573	Marionette	INFO	Listening on port 2920
1512550709731	Marionette	WARN	TLS certificate errors will be ignored for this session
1512550709992	Marionette	DEBUG	Register listener.js for window 4294967297
Unable to read VR Path Registry from C:\Users\mayurib\AppData\Local\openvr\openvrpaths.vrpath
[Parent 8484, Gecko_IOThread] WARNING: pipe error: 109: file z:/build/build/src/ipc/chromium/src/chrome/common/ipc_channel_win.cc, line 346
Unable to read VR Path Registry from C:\Users\mayurib\AppData\Local\openvr\1512550717106	Marionette	INFO	Enabled via --marionette
Unable to read VR Path Registry from C:\Users\mayurib\AppData\Local\openvr\openvrpaths.vrpath
[Parent 4412, Gecko_IOThread] WARNING: pipe error: 109: file z:/build/build/src/ipc/chromium/src/chrome/common/ipc_channel_win.cc, line 346
Unable to read VR Path Registry from C:\Users\mayurib\AppData\Local\openvr\openvrpaths.vrpath
[Child 16980, Chrome_ChildThread] WARNING: pipe error: 109: file z:/build/build/src/ipc/chromium/src/chrome/common/ipc_channel_win.cc, line 346
[Child 16980, Chrome_ChildThread] WARNING: pipe error: 109: file z:/build/build/src/ipc/chromium/src/chrome/common/ipc_channel_win.cc, line 346
1512550728317	Marionette	INFO	Listening on port 2961
1512550729503	addons.xpi	WARN	Exception running bootstrap method shutdown on activity-stream@mozilla.org: [Exception... "Component returned failure code: 0x80004005 (NS_ERROR_FAILURE) [nsIObserverService.removeObserver]"  nsresult: "0x80004005 (NS_ERROR_FAILURE)"  location: "JS frame :: resource://activity-stream/lib/SnippetsFeed.jsm :: uninit :: line 123"  data: no] Stack trace: uninit()@resource://activity-stream/lib/SnippetsFeed.jsm:123 < onAction()@resource://activity-stream/lib/SnippetsFeed.jsm:138 < _middleware/</<()@resource://activity-stream/lib/Store.jsm:52 < Store/this[method]()@resource://activity-stream/lib/Store.jsm:31 < uninit()@resource://activity-stream/lib/Store.jsm:151 < uninit()@resource://activity-stream/lib/ActivityStream.jsm:266 < uninit()@resource://gre/modules/addons/XPIProvider.jsm -> jar:file:///C:/Program%20Files/Mozilla%20Firefox/browser/features/activity-stream@mozilla.org.xpi!/bootstrap.js:80 < shutdown()@resource://gre/modules/addons/XPIProvider.jsm -> jar:file:///C:/Program%20Files/Mozilla%20Firefox/browser/features/activity-stream@mozilla.org.xpi!/bootstrap.js:196 < callBootstrapMethod()@resource://gre/modules/addons/XPIProvider.jsm:4509 < observe()@resource://gre/modules/addons/XPIProvider.jsm:2281
1512550729610	Marionette	WARN	TLS certificate errors will be ignored for this session
[Parent 4412, Gecko_IOThread] WARNING: pipe error: 109: file z:/build/build/src/ipc/chromium/src/chrome/common/ipc_channel_win.cc, line 346
1512634319681	geckodriver	INFO	geckodriver 0.19.1
1512634319775	geckodriver	INFO	Listening on 127.0.0.1:40204
1512634321884	mozrunner::runner	INFO	Running command: "C:\\Program Files\\Mozilla Firefox\\firefox.exe" "-marionette" "-profile" "C:\\Users\\mayurib\\AppData\\Local\\Temp\\rust_mozprofile.BOBPoIExmWxi"
1512634324786	Marionette	INFO	Enabled via --marionette
Unable to read VR Path Registry from C:\Users\mayurib\AppData\Local\openvr\openvrpaths.vrpath
[Child 8292, Chrome_ChildThread] WARNING: pipe error: 109: file z:/build/build/src/ipc/chromium/src/chrome/common/ipc_channel_win.cc, line 346
[Child 8292, Chrome_ChildThread] WARNING: pipe error: 109: file z:/build/build/src/ipc/chromium/src/chrome/common/ipc_channel_win.cc, line 346
1512634329632	Marionette	INFO	Listening on port 40213
1512634330159	Marionette	WARN	TLS certificate errors will be ignored for this session
1512634330273	Marionette	DEBUG	Register listener.js for window 4294967297
Unable to read VR Path Registry from C:\Users\mayurib\AppData\Local\openvr\openvrpaths.vrpath
[Parent 19768, Gecko_IOThread] WARNING: pipe error: 109: file z:/build/build/src/ipc/chromium/src/chrome/common/ipc_channel_win.cc, line 346
[Parent 19768, Gecko_IOThread] WARNING: pipe error: 109: file z:/build/build/src/ipc/chromium/src/chrome/common/ipc_channel_win.cc, line 346
Unable to read VR Path Registry from C:\Users\mayurib\AppData\Local\openvr\openvrpaths.vrpath
[Child 9068, Chrome_ChildThread] WARNING: pipe error: 109: file z:/build/build/src/ipc/chromium/src/chrome/common/ipc_channel_win.cc, line 346
*** UTM:SVC TimerManager:registerTimer called after profile-before-change notification. Ignoring timer registration for id: telemetry_modules_ping

###!!! [Child][MessageChannel::SendAndWait] Error: Channel error: cannot send/recv

rors will be ignored for this session
1512634339806	Marionette	DEBUG	Register listener.js for window 4294967297
Unable to read VR Path Registry from C:\Users\mayurib\AppData\Local\openvr\openvrpaths.vrpath
[Parent 9308, Gecko_IOThread] WARNING: pipe error: 109: file z:/build/build/src/ipc/chromium/src/chrome/common/ipc_channel_win.cc, line 346
Unable to read VR Path Registry from C:\Users\mayurib\AppData\Local\openvr\openvrpaths.vrpath
[Child 2356, Chrome_ChildThread] WARNING: pipe error: 109: file z:/build/build/src/ipc/chromium/src/chrome/common/ipc_channel_win.cc, line 346
*** UTM:SVC TimerManager:registerTimer called after profile-before-change notification. Ignoring timer registration for id: telemetry_modules_ping

###!!! [Child][MessageChannel::SendAndWait] Error: Channel error: cannot send/recv

1513006611338	geckodriver	INFO	geckodriver 0.19.1
1513006611417	geckodriver	INFO	Listening on 127.0.0.1:24643
1513006613483	mozrunner::runner	INFO	Running command: "C:\\Program Files\\Mozilla Firefox\\firefox.exe" "-marionette" "-profile" "C:\\Users\\mayurib\\AppData\\Local\\Temp\\rust_mozprofile.PvLkRonDQqQY"
1513006615061	Marionette	INFO	Enabled via --marionette
[GFX1-]: Could not get a DXGI adapter
[GFX1-]: Could not get a DXGI adapter
Unable to read VR Path Registry from C:\Users\mayurib\AppData\Local\openvr\openvrpaths.vrpath
[Parent 22144, Gecko_IOThread] WARNING: pipe error: 109: file z:/build/build/src/ipc/chromium/src/chrome/common/ipc_channel_win.cc, line 346
Unable to read VR Path Registry from C:\Users\mayurib\AppData\Local\openvr\openvrpaths.vrpath
[Child 13564, Chrome_ChildThread] WARNING: pipe error: 109: file z:/build/build/src/ipc/chromium/src/chrome/common/ipc_channel_win.cc, line 346
[Child 13564, Chrome_ChildThread] WARNING: pipe error: 109: file z:/build/build/src/ipc/chromium/src/chrome/common/ipc_channel_win.cc, line 346
[GFX1-]: Could not get a DXGI adapter
1513006619268	Marionette	INFO	Listening on port 24649
1513006619901	Marionette	WARN	TLS certificate errors will be ignored for this session
1513006620003	Marionette	DEBUG	Register listener.js for window 4294967297
Unable to read VR Path Registry from C:\Users\mayurib\AppData\Local\openvr\openvrpaths.vrpath
[Child 176, Chrome_ChildThread] WARNING: pipe error: 109: file z:/build/build/src/ipc/chromium/src/chrome/common/ipc_channel_win.cc, line 346
[Child 176, Chrome_ChildThread] WARNING: pipe error: 109: file z:/build/build/src/ipc/chromium/src/chrome/common/ipc_channel_win.cc, line 346

###!!! [Child][MessageChannel::SendAndWait] Error: Channel error: cannot send/recv

1513006880551	geckodriver	INFO	geckodriver 0.19.1
1513006880594	geckodriver	INFO	Listening on 127.0.0.1:24710
1513006882704	mozrunner::runner	INFO	Running command: "C:\\Program Files\\Mozilla Firefox\\firefox.exe" "-marionette" "-profile" "C:\\Users\\mayurib\\AppData\\Local\\Temp\\rust_mozprofile.yZLUck94Vs5c"
1513006884400	Marionette	INFO	Enabled via --marionette
[GFX1-]: Could not get a DXGI adapter
Unable to read VR Path Registry from C:\Users\mayurib\AppData\Local\openvr\openvrpaths.vrpath
[Parent 15004, Gecko_IOThread] WARNING: pipe error: 109: file z:/build/build/src/ipc/chromium/src/chrome/common/ipc_channel_win.cc, line 346
Unable to read VR Path Registry from C:\Users\mayurib\AppData\Local\openvr\openvrpaths.vrpath
[Child 23044, Chrome_ChildThread] WARNING: pipe error: 109: file z:/build/build/src/ipc/chromium/src/chrome/common/ipc_channel_win.cc, line 346
[GFX1-]: Could not get a DXGI adapter
[GFX1-]: Could not get a DXGI adapter
1513006888503	Marionette	INFO	Listening on port 24716
1513006888678	Marionette	WARN	TLS certificate errors will be ignored for this session
1513006888809	Marionette	DEBUG	Register listener.js for window 4294967297

###!!! [Child][MessageChannel::SendAndWait] Error: Channel error: cannot send/recv

ng on 127.0.0.1:24743
1513006891395	mozrunner::runner	INFO	Running command: "C:\\Program Files\\Mozilla Firefox\\firefox.exe" "-marionette" "-profile" "C:\\Users\\mayurib\\AppData\\Local\\Temp\\rust_mozprofile.GO5Dh5wywTXv"
1513006892662	Marionette	INFO	Enabled via --marionette
[GFX1-]: Could not get a DXGI adapter
[GFX1-]: Could not get a DXGI adapter
Unable to read VR Path Registry from C:\Users\mayurib\AppData\Local\openvr\openvrpaths.vrpath
[Parent 20348, Gecko_IOThread] WARNING: pipe error: 109: file z:/build/build/src/ipc/chromium/src/chrome/common/ipc_channel_win.cc, line 346
Unable to read VR Path Registry from C:\Users\mayurib\AppData\Local\openvr\openvrpaths.vrpath
[Child 16364, Chrome_ChildThread] WARNING: pipe error: 109: file z:/build/build/src/ipc/chromium/src/chrome/common/ipc_channel_win.cc, line 346
[Child 16364, Chrome_ChildThread] WARNING: pipe error: 109: file z:/build/build/src/ipc/chromium/src/chrome/common/ipc_channel_win.cc, line 346
[GFX1-]: Could not get a DXGI adapter
1513006896522	Marionette	INFO	Listening on port 24754
1513006897079	Marionette	WARN	TLS certificate errors will be ignored for this session
1513006897227	Marionette	DEBUG	Register listener.js for window 4294967297
1513006905717	Marionette	DEBUG	Received DOM event "beforeunload" for "about:blank"
1513006906486	Marionette	DEBUG	Received DOM event "pagehide" for "about:blank"
1513006906487	Marionette	DEBUG	Received DOM event "unload" for "about:blank"
1513006907027	Marionette	DEBUG	Received DOM event "DOMContentLoaded" for "http://demo.borland.com/InsuranceWebExtJS/index.jsf"
1513006908195	Marionette	DEBUG	Received DOM event "pageshow" for "http://demo.borland.com/InsuranceWebExtJS/index.jsf"
1513006908280	Marionette	DEBUG	Received DOM event "beforeunload" for "http://demo.borland.com/InsuranceWebExtJS/index.jsf"
1513006908891	Marionette	DEBUG	Received DOM event "pagehide" for "http://demo.borland.com/InsuranceWebExtJS/index.jsf"
1513006908891	Marionette	DEBUG	Received DOM event "unload" for "http://demo.borland.com/InsuranceWebExtJS/index.jsf"
1513006909760	Marionette	DEBUG	Received DOM event "DOMContentLoaded" for "http://demo.borland.com/InsuranceWebExtJS/Unable to read VR Path Registry from C:\Users\mayurib\AppData\Local\openvr\openvrpaths.vrpath
[Parent 10936, Gecko_IOThread] WARNING:[Parent 20348, Gecko_IOThread] WARNING: pipe error: 109: file z:/build/build/src/ipc/chromium/src/chrome/common/ipc_channel_win.cc, line 346
[Parent 20348, Gecko_IOThread] WARNING: pipe error: 109: file z:/build/build/src/ipc/chromium/src/chrome/common/ipc_channel_win.cc, line 346
Unable to read VR Path Registry from C:\Users\mayurib\AppDa
###!!! [Child][MessageChannel::SendAndWait] Error: Channel error: cannot send/recv

r: 109: file z:/build/build/src/ipc/chromium/src/chrome/common/ipc_channel_win.cc, line 346
[Child 23108, Chrome_ChildThread] WARNING: pipe error: 109: file z:/build/build/src/ipc/chromium/src/chrome/common/ipc_channel_win.cc, line 346
Unable to read VR Path Registry from C:\Users\mayurib\AppData\Local\openvr\openvrpaths.vrpath
[Child 5348, Chrome_ChildThread] WARNING: pipe error: 109: file z:/build/build/src/ipc/chromium/src/chrome/common/ipc_channel_win.cc, line 346
[Child 5348, Chrome_ChildThread] WARNING: pipe error: 109: file z:/build/build/src/ipc/chromium/src/chrome/common/ipc_channel_win.cc, line 346

###!!! [Child][MessageChannel::SendAndWait] Error: Channel error: cannot send/recv

ening on port 24874
1513007077223	Marionette	WARN	TLS certificate errors will be ignored for this session
1513007077322	Marionette	DEBUG	Register listener.js for window 4294967297
[Parent 1856, Gecko_IOThread] WARNING: pipe error: 109: file z:/build/build/src/ipc/chromium/src/chrome/common/ipc_channel_win.cc, line 346
Unable to read VR Path Registry from C:\Users\mayurib\AppData\Local\openvr\openvrpaths.vrpath
[Child 17396, Chrome_ChildThread] WARNING: pipe error: 109: file z:/build/build/src/ipc/chromium/src/chrome/common/ipc_channel_win.cc, line 346
Unable to read VR Path Registry from C:\Users\mayurib\AppData\Local\openvr\openvrpaths.vrpath
[Child 2640, Chrome_ChildThread] WARNING: pipe error: 109: file z:/build/build/src/ipc/chromium/src/chrome/common/ipc_channel_win.cc, line 346

###!!! [Child][MessageChannel::SendAndWait] Error: Channel error: cannot send/recv

hildThread] WARNING: pipe error: 109: file z:/build/build/src/ipc/chromium/src/chrome/common/ipc_channel_win.cc, line 346
[GFX1-]: Could not get a DXGI adapter
1513007084819	Marionette	INFO	Listening on port 24910
1513007085448	Marionette	WARN	TLS certificate errors will be ignored for this session
1513007085578	Marionette	DEBUG	Register listener.js for window 4294967297
1513007093852	Marionette	DEBUG	Received DOM event "beforeunload" for "about:blank"
1513007094393	Marionette	DEBUG	Received DOM event "pagehide" for "about:blank"
1513007094394	Marionette	DEBUG	Received DOM event "unload" for "about:blank"
1513007094967	Marionette	DEBUG	Received DOM event "DOMContentLoaded" for "http://demo.borland.com/InsuranceWebExtJS/index.jsf"
1513007096167	Marionette	DEBUG	Received DOM event "pageshow" for "http://demo.borland.com/InsuranceWebExtJS/index.jsf"
1513007096253	Marionette	DEBUG	Received DOM event "beforeunload" for "http://demo.borland.com/InsuranceWebExtJS/index.jsf"
1513007096848	Marionette	DEBUG	Received DOM event "pagehide" for "http://demo.borland.com/InsuranceWebExtJS/index.jsf"
1513007096849	Marionette	DEBUG	Received DOM event "unload" for "http://demo.borland.com/InsuranceWebExtJS/index.jsf"
1513007097833	Marionette	DEBUG	Received DOM event "DOMContentLoaded" for "http://demo.borlUnable to read VR Path Registry from C:\Users\mayurib\AppData\Local\openvr\openvrpaths.vrpath
[Parent 8292, Gecko_IOThread] WARNING: pipe error: 109: file z:/bUnable to read VR Path Registry from C:\Users\mayurib\AppData\Local\openvr\openvrpaths.vrpath
[Parent 17024, Gecko_IOThread] WARNING: pipe error: 109: file z:/build/build/src/ipc/chromium/src/chrome/common/ipc_channel_win.cc, line 346
[Parent 17024, Gecko_IOThread] WARNING: pipe error: 109: file z:/build/build/src/ipc/chromium/src/chrome/common/ipc_channel_win.cc, line 346
Unable to read VR Path Registry from C:\Users\mayurib\AppData\Local\openvr\opeUnable to read VR Path Registry from C:\Users\mayurib\AppData\Local\openvr\openvrpaths.vrpath
[GPU 9940, Chrome_ChildThread] WARNING: pipe error: 109: file z:/build/build/src/ipc/chromium/src/chrome/common/ipc_channel_win.cc, line 346

###!!! [Child][MessageChannel::SendAndWait] Error: Channel error: ca
###!!! [Child][MessageChannel::SendAndWait] Error: Channel error: cannot send/recv

1513007200346	geckodriver	INFO	geckodriver 0.19.1
1513007200422	geckodriver	INFO	Listening on 127.0.0.1:24997
1513007202622	mozrunner::runner	INFO	Running command: "C:\\Program Files\\Mozilla Firefox\\firefox.exe" "-marionette" "-profile" "C:\\Users\\mayurib\\AppData\\Local\\Temp\\rust_mozprofile.Xd7HdQXrY8GO"
1513007204383	Marionette	INFO	Enabled via --marionette
Unable to read VR Path Registry from C:\Users\mayurib\AppData\Local\openvr\openvrpaths.vrpath
[Child 20860, Chrome_ChildThread] WARNING: pipe error: 109: file z:/build/build/src/ipc/chromium/src/chrome/common/ipc_channel_win.cc, line 346
[Child 20860, Chrome_ChildThread] WARNING: pipe error: 109: file z:/build/build/src/ipc/chromium/src/chrome/common/ipc_channel_win.cc, line 346
1513007208293	Marionette	INFO	Listening on port 25003
1513007208623	Marionette	WARN	TLS certificate errors will be ignored for this session
1513007208763	Marionette	DEBUG	Register listener.js for window 4294967297
Unable to read VR Path Registry from C:\Users\mayurib\AppData\Local\openvr\openvrpaths.vrpath
[Parent 15404, Gecko_IOThread] WARNING: pipe error: 109: file z:/build/build/src/ipc/chromium/src/chrome/common/ipc_channel_win.cc, line 346
*** UTM:SVC TimerManager:registerTimer called after profile-before-change notification. Ignoring timer registration for id: telemetry_modules_ping

###!!! [Child][MessageChannel::SendAndWait] Error: Channel error: cannot send/recv

68, Chrome_ChildThread] WARNING: pipe error: 109: file z:/build/build/src/ipc/chromium/src/chrome/common/ipc_channel_win.cc, line 346
1513007217235	Marionette	INFO	Listening on port 25045
1513007217254	Marionette	WARN	TLS certificate errors will be ignored for this session
1513007217360	Marionette	DEBUG	Register listener.js for window 4294967297
1513007225825	Marionette	DEBUG	Received DOM event "beforeunload" for "about:blank"
1513007226186	Marionette	DEBUG	Received DOM event "pagehide" for "about:blank"
1513007226187	Marionette	DEBUG	Received DOM event "unload" for "about:blank"
1513007226728	Marionette	DEBUG	Received DOM event "DOMContentLoaded" for "http://demo.borland.com/InsuranceWebExtJS/index.jsf"
1513007227558	Marionette	DEBUG	Received DOM event "pageshow" for "http://demo.borland.com/InsuranceWebExtJS/index.jsf"
1513007227662	Marionette	DEBUG	Received DOM event "beforeunload" for "http://demo.borland.com/InsuranceWebExtJS/index.jsf"
1513007228055	Marionette	DEBUG	Received DOM event "pagehide" for "http://demo.borland.com/InsuranceWebExtJS/index.jsf"
1513007228056	Marionette	DEBUG	Received DOM event "unload" for "http://demo.borland.com/InsuranceWebExtJS/index.jsf"
1513007228831	Marionette	DEBUG	Received DOM event "DOMContentLoaded" for "http://demo.borland.com/InsuranceWebExtJS/siUnable to read VR Path Registry from C:\Users\mayurib\AppData\Local\openvr\openvrpaths.vrpath
[Parent 13408, Gecko_IOThread] WARNING: pipe error: 109: file z:/build/build/src/ipc/chromium/src/chrome/common/ipc_channel_win.cc, line 346
Unable to read VR Path Registry from C:\Users\mayurib\AppData\Local\openvr\openvrpaths.vrpath
[Child 22908, Chrome_ChildThread] WARNING: pipe error: 109: file z:/build/build/src/ipc/chromium/src/chrome/common/ipc_channel_win.cc, line 346
*** UTM:SVC TimerManager:registerTimer called after profile-before-change notification. Ignoring timer registration for id: telemetry_modules_ping

###!!! [Child][MessageChannel::SendAndWait] Error: Channel error: cannot send/recv

ommon/ipc_channel_win.cc, line 346
[Child 19656, Chrome_ChildThread] WARNING: pipe error: 109: file z:/build/build/src/ipc/chromium/src/chrome/common/ipc_channel_win.cc, line 346
Unable to read VR Path Registry from C:\Users\mayurib\AppData\Local\openvr\openvrpaths.vrpath
[Child 10444, Chrome_ChildThread] WARNING: pipe error: 109: file z:/build/build/src/ipc/chromium/src/chrome/common/ipc_channel_win.cc, line 346
[Child 10444, Chrome_ChildThread] WARNING: pipe error: 109: file z:/build/build/src/ipc/chromium/src/chrome/common/ipc_channel_win.cc, line 346
*** UTM:SVC TimerManager:registerTimer called after profile-before-change notification. Ignoring timer registration for id: telemetry_modules_ping

###!!! [Child][MessageChannel::SendAndWait] Error: Channel error: cannot send/recv

1513007453169	geckodriver	INFO	geckodriver 0.19.1
1513007453197	geckodriver	INFO	Listening on 127.0.0.1:25142
1513007455534	mozrunner::runner	INFO	Running command: "C:\\Program Files\\Mozilla Firefox\\firefox.exe" "-marionette" "-profile" "C:\\Users\\mayurib\\AppData\\Local\\Temp\\rust_mozprofile.QImhjJ0KyYHq"
1513007457930	Marionette	INFO	Enabled via --marionette
Unable to read VR Path Registry from C:\Users\mayurib\AppData\Local\openvr\openvrpaths.vrpath
[Child 23212, Chrome_ChildThread] WARNING: pipe error: 109: file z:/build/build/src/ipc/chromium/src/chrome/common/ipc_channel_win.cc, line 346
[Child 23212, Chrome_ChildThread] WARNING: pipe error: 109: file z:/build/build/src/ipc/chromium/src/chrome/common/ipc_channel_win.cc, line 346
1513007463545	Marionette	INFO	Listening on port 25148
1513007463810	Marionette	WARN	TLS certificate errors will be ignored for this session
1513007463914	Marionette	DEBUG	Register listener.js for window 4294967297
Unable to read VR Path Registry from C:\Users\mayurib\AppData\Local\openvr\openvrpaths.vrpath
[Parent 23152, Gecko_IOThread] WARNING: pipe error: 109: file z:/build/build/src/ipc/chromium/src/chrome/common/ipc_channel_win.cc, line 346

###!!! [Child][MessageChannel::SendAndWait] Error: Channel error: cannot send/recv

	Marionette	INFO	Enabled via --marionette
Unable to read VR Path Registry from C:\Users\mayurib\AppData\Local\openvr\openvrpaths.vrpath
[Child 16932, Chrome_ChildThread] WARNING: pipe error: 109: file z:/build/build/src/ipc/chromium/src/chrome/common/ipc_channel_win.cc, line 346
[Child 16932, Chrome_ChildThread] WARNING: pipe error: 109: file z:/build/build/src/ipc/chromium/src/chrome/common/ipc_channel_win.cc, line 346
1513007471862	Marionette	INFO	Listening on port 25187
1513007472488	Marionette	WARN	TLS certificate errors will be ignored for this session
1513007472606	Marionette	DEBUG	Register listener.js for window 4294967297
1513007481638	Marionette	DEBUG	Received DOM event "beforeunload" for "about:blank"
1513007482027	Marionette	DEBUG	Received DOM event "pagehide" for "about:blank"
1513007482028	Marionette	DEBUG	Received DOM event "unload" for "about:blank"
1513007482572	Marionette	DEBUG	Received DOM event "DOMContentLoaded" for "http://demo.borland.com/InsuranceWebExtJS/index.jsf"
1513007483393	Marionette	DEBUG	Received DOM event "pageshow" for "http://demo.borland.com/InsuranceWebExtJS/index.jsf"
1513007483498	Marionette	DEBUG	Received DOM event "beforeunload" for "http://demo.borland.com/InsuranceWebExtJS/index.jsf"
1513007483963	Marionette	DEBUG	Received DOM event "pagehide" for "http://demo.borland.com/InsuranceWebExtJS/index.jsf"
1513007483964	Marionette	DEBUG	Received DOM event "unload" for "http://demo.borland.com/InsuranceWebExtJS/index.jsf"
1513007485279	Marionette	DEBUG	Received DOM event "DOMContentLoaded" for "http://demo.borland.com/InsuranceWebExtJS/signup.jsf"
1513007485673	Marionette	DEBUG	Received DOM event "pageshow" for "http://demo.borland.com/InsuranceWebExtJUnable to read VR Path Registry from C:\Users\mayurib\AppData\Local\openvr\openvrpaths.vrpath
[Child 14668, Chrome_ChildThread] WARNING: pipe error: 109: file z:/build/build/src/ipc/chromium/src/chrome/common/ipc_channel_win.cc, line 346

###!!! [Child][MessageChannel::SendAndWait] Error: Channel error: cannot send/recv

Unable to read VR Path Registry from C:\Users\mayurib\AppData\Local\openvr\openvrpaths.vrpath
c_channel_win.cc, line 346
[Parent 12676, Gecko_IOThread] WARNING: pipe error: 109: file z:/build/build/src/ipc/chromium/src/chrome/common/ipc_channel_win.cc, line 346
Unable to read VR Path Registry from C:\Users\mayurib\AppData\Local\openvr\openvrpaths.vrpath
[Child 21056, Chrome_ChildThread] WARNING: pipe error: 109: file z:/build/build/src/ipc/chromium/src/chrome/common/ipc_channel_win.cc, line 346
[Child 21056, Chrome_ChildThread] WARNING: pipe error: 109: file z:/build/build/src/ipc/chromium/src/chrome/common/ipc_channel_win.cc, line 346

###!!! [Child][MessageChannel::SendAndWait] Error: Channel error: cannot send/recv

1513007597564	geckodriver	INFO	geckodriver 0.19.1
1513007597592	geckodriver	INFO	Listening on 127.0.0.1:25286
1513007599995	mozrunner::runner	INFO	Running command: "C:\\Program Files\\Mozilla Firefox\\firefox.exe" "-marionette" "-profile" "C:\\Users\\mayurib\\AppData\\Local\\Temp\\rust_mozprofile.vKH9RuN9XhRY"
1513007602482	Marionette	INFO	Enabled via --marionette
Unable to read VR Path Registry from C:\Users\mayurib\AppData\Local\openvr\openvrpaths.vrpath
[Child 3212, Chrome_ChildThread] WARNING: pipe error: 109: file z:/build/build/src/ipc/chromium/src/chrome/common/ipc_channel_win.cc, line 346
[Child 3212, Chrome_ChildThread] WARNING: pipe error: 109: file z:/build/build/src/ipc/chromium/src/chrome/common/ipc_channel_win.cc, line 346
1513007607119	Marionette	INFO	Listening on port 25292
1513007608427	Marionette	WARN	TLS certificate errors will be ignored for this session
1513007608538	Marionette	DEBUG	Register listener.js for window 4294967297
Unable to read VR Path Registry from C:\Users\mayurib\AppData\Local\openvr\openvrpaths.vrpath
[Parent 9224, Gecko_IOThread] WARNING: pipe error: 109: file z:/build/build/src/ipc/chromium/src/chrome/common/ipc_channel_win.cc, line 346
[Parent 9224, Gecko_IOThread] WARNING: pipe error: 109: file z:/build/build/src/ipc/chromium/src/chrome/common/ipc_channel_win.cc, line 346
*** UTM:SVC TimerManager:registerTimer called after profile-before-change notification. Ignoring timer registration for id: telemetry_modules_ping

###!!! [Child][MessageChannel::SendAndWait] Error: Channel error: cannot send/recv

524, Chrome_ChildThread] WARNING: pipe error: 109: file z:/build/build/src/ipc/chromium/src/chrome/common/ipc_channel_win.cc, line 346
1513007616429	Marionette	INFO	Listening on port 25330
1513007616668	Marionette	WARN	TLS certificate errors will be ignored for this session
1513007616780	Marionette	DEBUG	Register listener.js for window 4294967297
1513007628760	geckodriver	INFO	geckodriver 0.19.1
1513007628817	geckodriver	INFO	Listening on 127.0.0.1:25364
1513007630992	mozrunner::runner	INFO	Running command: "C:\\Program Files\\Mozilla Firefox\\firefox.exe" "-marionette" "-profile" "C:\\Users\\mayurib\\AppData\\Local\\Temp\\rust_mozprofile.mJr452IF67I1"
1513007634992	Marionette	INFO	Enabled via --marionette
Unable to read VR Path Registry from C:\Users\mayurib\AppData\Local\openvr\openvrpaths.vrpath
[Child 14492, Chrome_ChildThread] WARNING: pipe error: 109: file z:/build/build/src/ipc/chromium/src/chrome/common/ipc_channel_win.cc, line 346
[Child 14492, Chrome_ChildThread] WARNING: pipe error: 109: file z:/build/build/src/ipc/chromium/src/chrome/common/ipc_channel_win.cc, line 346
1513007640098	Marionette	INFO	Listening on port 25370
1513007640706	Marionette	WARN	TLS certificate errors will be ignored for this session
1513007640778	Marionette	DEBUG	Register listener.js for window 4294967297
[GFX1-]: Receive IPC close with reason=AbnormalShutdown
1513007720942	geckodriver	INFO	geckodriver 0.19.1
1513007721010	geckodriver	INFO	Listening on 127.0.0.1:25412
1513007723462	mozrunner::runner	INFO	Running command: "C:\\Program Files\\Mozilla Firefox\\firefox.exe" "-marionette" "-profile" "C:\\Users\\mayurib\\AppData\\Local\\Temp\\rust_mozprofile.4iFNGrCEzoJs"
1513007727075	Marionette	INFO	Enabled via --marionette
[GFX1-]: Could not get a DXGI adapter
[GFX1-]: Could not get a DXGI adapter
Unable to read VR Path Registry from C:\Users\mayurib\AppData\Local\openvr\openvrpaths.vrpath
[Child 18572, Chrome_ChildThread] WARNING: pipe error: 109: file z:/build/build/src/ipc/chromium/src/chrome/common/ipc_channel_win.cc, line 346
[Child 18572, Chrome_ChildThread] WARNING: pipe error: 109: file z:/build/build/src/ipc/chromium/src/chrome/common/ipc_channel_win.cc, line 346
[GFX1-]: Could not get a DXGI adapter
1513007731121	Marionette	INFO	Listening on port 25418
1513007731159	Marionette	WARN	TLS certificate errors will be ignored for this session
1513007731250	Marionette	DEBUG	Register listener.js for window 4294967297
Unable to read VR Path Registry from C:\Users\mayurib\AppData\Local\openvr\openvrpaths.vrpath
[Parent 21756, Gecko_IOThread] WARNING: pipe error: 109: file z:/build/build/src/ipc/chromium/src/chrome/common/ipc_channel_win.cc, line 346
Unable to read VR Path Registry from C:\Users\mayurib\AppData\Local\openvr\openvrpaths.vrpath
[Child 19500, Chrome_ChildThread] WARNING: pipe error: 109: file z:/build/build/src/ipc/chromium/src/chrome/common/ipc_channel_win.cc, line 346
[Child 19500, Chrome_ChildThread] WARNING: pipe error: 109: file z:/build/build/src/ipc/chromium/src/chrome/common/ipc_channel_win.cc, line 346
Unable to read VR Path Registry from C:\Users\mayurib\AppData\Local\openvr\openvrpaths.vrpath
[Child 7476, Chrome_ChildThread] WARNING: pipe error: 109: file z:/build/build/src/ipc/chromium/src/chrome/common/ipc_channel_win.cc, line 346
[Child 7476, Chrome_ChildThread] WARNING: pipe error: 109: file z:/build/build/src/ipc/chromium/src/chrome/common/ipc_channel_win.cc, line 346

###!!! [Child][MessageChannel::SendAndWait] Error: Channel error: cannot send/recv

ors will be ignored for this session
1513007740950	Marionette	DEBUG	Register listener.js for window 4294967297
1513007767666	Marionette	DEBUG	Received DOM event "beforeunload" for "about:blank"
1513007768054	Marionette	DEBUG	Received DOM event "pagehide" for "about:blank"
1513007768055	Marionette	DEBUG	Received DOM event "unload" for "about:blank"
1513007768806	Marionette	DEBUG	Received DOM event "DOMContentLoaded" for "http://demo.borland.com/InsuranceWebExtJS/index.jsf"
1513007769545	Marionette	DEBUG	Received DOM event "pageshow" for "http://demo.borland.com/InsuranceWebExtJS/index.jsf"
1513007769790	Marionette	DEBUG	Received DOM event "beforeunload" for "http://demo.borland.com/InsuranceWebExtJS/index.jsf"
1513007770302	Marionette	DEBUG	Received DOM event "pagehide" for "http://demo.borland.com/InsuranceWebExtJS/index.jsf"
1513007770303	Marionette	DEBUG	Received DOM event "unload" for "http://demo.borland.com/InsuranceWebExtJS/index.jsf"
1513007771607	Marionette	DEBUG	Received DOM event "DOMContentLoaded" for "http://demo.borland.com/InsuranceWebExtJS/signup.jsf"
1513007772089	Marionette	DEBUG	Received DOM event "pageshow" for "http://demo.borland.com/InsuranceWebExtJS/signup.jsf"
[Parent 4064, Gecko_IOThread] WARNING: pipe error: 109: file z:/build/build/src/Unable to read VR Path Registry from C:\Users\mayurib\AppData\Local\openvr\openvrpaths.vrpath
[Parent 9468, Gecko_IOThread] WARNING: pipe error: 109: file z:/build/build/src/ipc/chromium/src/chrome/common/ipc_channel_win.cc, line 346
[Parent 9468, Gecko_IOThread] WARNING: pipe error: 109: file z:/build/build/src/ipc/chromium/src/chrome/common/ipc_channel_win.cc, line 346

###!!! [Child][MessageChannel::SendAndWait] Error: Channel error: cannot send/recv

1513008480205	geckodriver	INFO	geckodriver 0.19.1
1513008480291	geckodriver	INFO	Listening on 127.0.0.1:25658
1513008482545	mozrunner::runner	INFO	Running command: "C:\\Program Files\\Mozilla Firefox\\firefox.exe" "-marionette" "-profile" "C:\\Users\\mayurib\\AppData\\Local\\Temp\\rust_mozprofile.Vh3nBWdVn41s"
1513008485007	Marionette	INFO	Enabled via --marionette
Unable to read VR Path Registry from C:\Users\mayurib\AppData\Local\openvr\openvrpaths.vrpath
[Child 16104, Chrome_ChildThread] WARNING: pipe error: 109: file z:/build/build/src/ipc/chromium/src/chrome/common/ipc_channel_win.cc, line 346
[Child 16104, Chrome_ChildThread] WARNING: pipe error: 109: file z:/build/build/src/ipc/chromium/src/chrome/common/ipc_channel_win.cc, line 346
1513008489554	Marionette	INFO	Listening on port 25664
1513008490327	Marionette	WARN	TLS certificate errors will be ignored for this session
1513008490442	Marionette	DEBUG	Register listener.js for window 4294967297
Unable to read VR Path Registry from C:\Users\mayurib\AppData\Local\openvr\openvrpaths.vrpath
[Parent 9544, Gecko_IOThread] WARNING: pipe error: 109: file z:/build/build/src/ipc/chromium/src/chrome/common/ipc_channel_win.cc, line 346
[Parent 9544, Gecko_IOThread] WARNING: pipe error: 109: file z:/build/build/src/ipc/chromium/src/chrome/common/ipc_channel_win.cc, line 346
Unable to read VR Path Registry from C:\Users\mayurib\AppData\Local\openvr\openvrpaths.vrpath
[Child 14528, Chrome_ChildThread] WARNING: pipe error: 109: file z:/build/build/src/ipc/chromium/src/chrome/common/ipc_channel_win.cc, line 346
Unable to read VR Path Registry from C:\Users\mayurib\AppData\Local\openvr\openvrpaths.vrpath
[Child 18648, Chrome_ChildThread] WARNING: pipe error: 109: file z:/build/build/src/ipc/chromium/src/chrome/common/ipc_channel_win.cc, line 346

###!!! [Child][MessageChannel::SendAndWait] Error: Channel error: cannot send/recv

ette	WARN	TLS certificate errors will be ignored for this session
1513008498794	Marionette	DEBUG	Register listener.js for window 4294967297
1513008524375	Marionette	DEBUG	Received DOM event "beforeunload" for "about:blank"
1513008524910	Marionette	DEBUG	Received DOM event "pagehide" for "about:blank"
1513008524910	Marionette	DEBUG	Received DOM event "unload" for "about:blank"
1513008525575	Marionette	DEBUG	Received DOM event "DOMContentLoaded" for "http://demo.borland.com/InsuranceWebExtJS/index.jsf"
1513008527610	Marionette	DEBUG	Received DOM event "pageshow" for "http://demo.borland.com/InsuranceWebExtJS/index.jsf"
1513008527748	Marionette	DEBUG	Received DOM event "beforeunload" for "http://demo.borland.com/InsuranceWebExtJS/index.jsf"
1513008528175	Marionette	DEBUG	Received DOM event "pagehide" for "http://demo.borland.com/InsuranceWebExtJS/index.jsf"
1513008528175	Marionette	DEBUG	Received DOM event "unload" for "http://demo.borland.com/InsuranceWebExtJS/index.jsf"
1513008529064	Marionette	DEBUG	Received DOM event "DOMContentLoaded" for "http://demo.borland.com/InsuranceWebExtJS/siUnable to read VR Path Registry from C:\Users\mayurib\AppData\Local\openvr\openvrpaths.vrpath
[Parent 12568, Gecko_IOThread] WARNINUnable to read VR Path Registry from C:\Users\mayurib\AppData\Local\openvr\openvrpaths.vrpath
[Parent 19936, Gecko_IOThread] WARNING: pipe error: 109: file z:/build/build/src/ipc/chromium/src/chrome/common/ipc_channel_win.cc, line 346
Unable to read VR Path Registry from C:\Users\mayurib\AppData\Local\openvr\openvrpaths.vrpath
[Child 23400,
###!!! [Child][MessageChannel::SendAndWait] Error: Channel error: cannot send/recv

chrome/common/ipc_channel_win.cc, line 346

###!!! [Child][MessageChannel::SendAndWait] Error: Channel error: cannot send/recv

1513008723072	geckodriver	INFO	geckodriver 0.19.1
1513008723101	geckodriver	INFO	Listening on 127.0.0.1:25819
1513008725439	mozrunner::runner	INFO	Running command: "C:\\Program Files\\Mozilla Firefox\\firefox.exe" "-marionette" "-profile" "C:\\Users\\mayurib\\AppData\\Local\\Temp\\rust_mozprofile.Turdehyq68yd"
1513008728361	Marionette	INFO	Enabled via --marionette
1513008733276	Marionette	INFO	Listening on port 25825
1513008733529	Marionette	WARN	TLS certificate errors will be ignored for this session
1513008733638	Marionette	DEBUG	Register listener.js for window 4294967297
1513008750290	Marionette	DEBUG	Received DOM event "beforeunload" for "about:blank"
1513008750820	Marionette	DEBUG	Received DOM event "pagehide" for "about:blank"
1513008750821	Marionette	DEBUG	Received DOM event "unload" for "about:blank"
1513008751396	Marionette	DEBUG	Received DOM event "DOMContentLoaded" for "http://demo.borland.com/InsuranceWebExtJS/index.jsf"
1513008752274	Marionette	DEBUG	Received DOM event "pageshow" for "http://demo.borland.com/InsuranceWebExtJS/index.jsf"
1513008752431	Marionette	DEBUG	Received DOM event "beforeunload" for "http://demo.borland.com/InsuranceWebExtJS/index.jsf"
1513008752849	Marionette	DEBUG	Received DOM event "pagehide" for "http://demo.borland.com/InsuranceWebExtJS/index.jsf"
1513008752850	Marionette	DEBUG	Received DOM event "unload" for "http://demo.borland.com/InsuranceWebExtJS/index.jsf"
1513008754139	Marionette	DEBUG	Received DOM event "DOMContentLoaded" for "http://demo.borland.com/InsuranceWebExtJS/signup.jsf"
1513008754586	Marionette	DEBUG	Received DOM event "pageshow" for "http://demo.borland.com/InsuranceWebExtJS/signup.jsf"
Unable to read VR Path Registry from C:\Users\mayurib\AppData\Local\openvr\openvrpaths.vrpath
[Parent 13548, Gecko_IOThread] WARNING: pipe error: 109: file z:/build/build/src/ipc/chromium/src/chrome/common/ipc_channel_win.cc, line 346
[Parent 13548, Gecko_IOThread] WARNING: pipe error: 109: file z:/build/build/src/ipc/chromium/src/chrome/common/ipc_channel_win.cc, line 346

###!!! [Child][MessageChannel::SendAndWait] Error: Channel error: cannot send/recv

1513008813623	geckodriver	INFO	geckodriver 0.19.1
1513008813651	geckodriver	INFO	Listening on 127.0.0.1:25900
1513008815945	mozrunner::runner	INFO	Running command: "C:\\Program Files\\Mozilla Firefox\\firefox.exe" "-marionette" "-profile" "C:\\Users\\mayurib\\AppData\\Local\\Temp\\rust_mozprofile.RKquxy3C0uHt"
1513008818755	Marionette	INFO	Enabled via --marionette
Unable to read VR Path Registry from C:\Users\mayurib\AppData\Local\openvr\openvrpaths.vrpath
[Parent 19684, Gecko_IOThread] WARNING: pipe error: 109: file z:/build/build/src/ipc/chromium/src/chrome/common/ipc_channel_win.cc, line 346
Unable to read VR Path Registry from C:\Users\mayurib\AppData\Local\openvr\openvrpaths.vrpath
[Child 16872, Chrome_ChildThread] WARNING: pipe error: 109: file z:/build/build/src/ipc/chromium/src/chrome/common/ipc_channel_win.cc, line 346
1513008823649	Marionette	INFO	Listening on port 25906
1513008823945	Marionette	WARN	TLS certificate errors will be ignored for this session
1513008824072	Marionette	DEBUG	Register listener.js for window 4294967297
1513008840602	Marionette	DEBUG	Received DOM event "beforeunload" for "about:blank"
1513008840985	Marionette	DEBUG	Received DOM event "pagehide" for "about:blank"
1513008840986	Marionette	DEBUG	Received DOM event "unload" for "about:blank"
1513008841564	Marionette	DEBUG	Received DOM event "DOMContentLoaded" for "http://demo.borland.com/InsuranceWebExtJS/index.jsf"
1513008842296	Marionette	DEBUG	Received DOM event "pageshow" for "http://demo.borland.com/InsuranceWebExtJS/index.jsf"
1513008842412	Marionette	DEBUG	Received DOM event "beforeunload" for "http://demo.borland.com/InsuranceWebExtJS/index.jsf"
1513008842810	Marionette	DEBUG	Received DOM event "pagehide" for "http://demo.borland.com/InsuranceWebExtJS/index.jsf"
1513008842810	Marionette	DEBUG	Received DOM event "unload" for "http://demo.borland.com/InsuranceWebExtJS/index.jsf"
1513008843781	Marionette	DEBUG	Received DOM event "DOMContentLoaded" for "http://demo.borland.com/InsuranceWebExtJS/signup.jsf"
1513008844173	Marionette	DEBUG	Received DOM event "pageshow" for "http://demo.borland.com/InsuranceWebExtJS/signup.jsf"
console.warn: LoginRecipes: getRecipes: falling back to a synchronous message for: http://demo.borland.com
console.warn: nsLoginManager: searchLogins: `formSubmitURL` or `httpRealm` is recommended
[Parent 19684, Gecko_IOThread] WARNING: pipe error: 109: file z:/build/build/src/ipc/chromium/src/chrome/common/ipc_channel_win.cc, line 346
Unable to read VR Path Registry from C:\Users\mayurib\AppData\Local\openvr\openvrpaths.vrpath
[Child 11696, Chrome_ChildThread] WARNING: pipe error: 109: file z:/build/build/src/ipc/chromium/src/chrome/common/ipc_channel_win.cc, line 346
[Child 11696, Chrome_ChildThread] WARNING: pipe error: 109: file z:/build/build/src/ipc/chromium/src/chrome/common/ipc_channel_win.cc, line 346
Unable to read VR Path Registry from C:\Users\mayurib\AppData\Local\openvr\openvrpaths.vrpath
[Child 10100, Chrome_ChildThread] WARNING: pipe error: 109: file z:/build/build/src/ipc/chromium/src/chrome/common/ipc_channel_win.cc, line 346

###!!! [Child][MessageChannel::SendAndWait] Error: Channel error: cannot send/recv

1513008973305	geckodriver	INFO	geckodriver 0.19.1
1513008973370	geckodriver	INFO	Listening on 127.0.0.1:25978
1513008975738	mozrunner::runner	INFO	Running command: "C:\\Program Files\\Mozilla Firefox\\firefox.exe" "-marionette" "-profile" "C:\\Users\\mayurib\\AppData\\Local\\Temp\\rust_mozprofile.U6kaVymZ6NQc"
1513008979049	Marionette	INFO	Enabled via --marionette
[GFX1-]: Could not get a DXGI adapter
Unable to read VR Path Registry from C:\Users\mayurib\AppData\Local\openvr\openvrpaths.vrpath
[Parent 16276, Gecko_IOThread] WARNING: pipe error: 109: file z:/build/build/src/ipc/chromium/src/chrome/common/ipc_channel_win.cc, line 346
Unable to read VR Path Registry from C:\Users\mayurib\AppData\Local\openvr\openvrpaths.vrpath
[Child 1592, Chrome_ChildThread] WARNING: pipe error: 109: file z:/build/build/src/ipc/chromium/src/chrome/common/ipc_channel_win.cc, line 346
[Child 1592, Chrome_ChildThread] WARNING: pipe error: 109: file z:/build/build/src/ipc/chromium/src/chrome/common/ipc_channel_win.cc, line 346
[GFX1-]: Could not get a DXGI adapter
[GFX1-]: Could not get a DXGI adapter
1513008984070	Marionette	INFO	Listening on port 25984
1513008984597	Marionette	WARN	TLS certificate errors will be ignored for this session
1513008984688	Marionette	DEBUG	Register listener.js for window 4294967297
1513009000945	Marionette	DEBUG	Received DOM event "beforeunload" for "about:blank"
1513009001338	Marionette	DEBUG	Received DOM event "pagehide" for "about:blank"
1513009001339	Marionette	DEBUG	Received DOM event "unload" for "about:blank"
1513009001992	Marionette	DEBUG	Received DOM event "DOMContentLoaded" for "http://demo.borland.com/InsuranceWebExtJS/index.jsf"
1513009002674	Marionette	DEBUG	Received DOM event "pageshow" for "http://demo.borland.com/InsuranceWebExtJS/index.jsf"
1513009002889	Marionette	DEBUG	Received DOM event "beforeunload" for "http://demo.borland.com/InsuranceWebExtJS/index.jsf"
1513009003359	Marionette	DEBUG	Received DOM event "pagehide" for "http://demo.borland.com/InsuranceWebExtJS/index.jsf"
1513009003360	Marionette	DEBUG	Received DOM event "unload" for "http://demo.borland.com/InsuranceWebExtJS/index.jsf"
1513009004499	Marionette	DEBUG	Received DOM event "DOMContentLoaded" for "http://demo.borland.com/InsuranceWebExtJS/signup.jsf"
1513009004930	Marionette	DEBUG	Received DOM event "pageshow" for "http://demo.borland.com/InsuranceWebExtJS/signup.jsf"

###!!! [Child][MessageChannel::SendAndWait] Error: Channel error: cannot send/recv

1513009198067	geckodriver	INFO	geckodriver 0.19.1
1513009198103	geckodriver	INFO	Listening on 127.0.0.1:26070
1513009200240	mozrunner::runner	INFO	Running command: "C:\\Program Files\\Mozilla Firefox\\firefox.exe" "-marionette" "-profile" "C:\\Users\\mayurib\\AppData\\Local\\Temp\\rust_mozprofile.ar403yYrtHIk"
1513009201764	Marionette	INFO	Enabled via --marionette
Unable to read VR Path Registry from C:\Users\mayurib\AppData\Local\openvr\openvrpaths.vrpath
[Child 7884, Chrome_ChildThread] WARNING: pipe error: 109: file z:/build/build/src/ipc/chromium/src/chrome/common/ipc_channel_win.cc, line 346
[Child 7884, Chrome_ChildThread] WARNING: pipe error: 109: file z:/build/build/src/ipc/chromium/src/chrome/common/ipc_channel_win.cc, line 346
1513009205570	Marionette	INFO	Listening on port 26076
1513009206075	Marionette	WARN	TLS certificate errors will be ignored for this session
1513009206179	Marionette	DEBUG	Register listener.js for window 4294967297
1513009222479	Marionette	DEBUG	Received DOM event "beforeunload" for "about:blank"
1513009222860	Marionette	DEBUG	Received DOM event "pagehide" for "about:blank"
1513009222861	Marionette	DEBUG	Received DOM event "unload" for "about:blank"
1513009223631	Marionette	DEBUG	Received DOM event "DOMContentLoaded" for "http://demo.borland.com/InsuranceWebExtJS/index.jsf"
1513009224765	Marionette	DEBUG	Received DOM event "pageshow" for "http://demo.borland.com/InsuranceWebExtJS/index.jsf"
1513009225003	Marionette	DEBUG	Received DOM event "beforeunload" for "http://demo.borland.com/InsuranceWebExtJS/index.jsf"
1513009225580	Marionette	DEBUG	Received DOM event "pagehide" for "http://demo.borland.com/InsuranceWebExtJS/index.jsf"
1513009225580	Marionette	DEBUG	Received DOM event "unload" for "http://demo.borland.com/InsuranceWebExtJS/index.jsf"
1513009226931	Marionette	DEBUG	Received DOM event "DOMContentLoaded" for "http://demo.borland.com/InsuranceWebExtJS/signup.jsf"
1513009227374	Marionette	DEBUG	Received DOM event "pageshow" for "http://demo.borland.com/InsuranceWebExtJS/signup.jsf"
console.warn: LoginRecipes: getRecipes: falling back to a synchronous message for: http://demo.borland.com
console.warn: nsLoginManager: searchLogins: `formSubmitURL` or `httpRealm` is recommended
Unable to read VR Path Registry from C:\Users\mayurib\AppData\Local\openvr\openvrpaths.vrpath
[Parent 5492, Gecko_IOThread] WARNING: pipe error: 109: file z:/build/build/src/ipc/chromium/src/chrome/common/ipc_channel_win.cc, line 346
Unable to read VR Path Registry from C:\Users\mayurib\AppData\Local\openvr\openvrpaths.vrpath
[Child 13656, Chrome_ChildThread] WARNING: pipe error: 109: file z:/build/build/src/ipc/chromium/src/chrome/common/ipc_channel_win.cc, line 346
*** UTM:SVC TimerManager:registerTimer called after profile-before-change notification. Ignoring timer registration for id: telemetry_modules_ping

###!!! [Child][MessageChannel::SendAndWait] Error: Channel error: cannot send/recv

JavaScript error: resource://gre/modules/osfile/osfile_async_front.jsm, line 410: Error: OS.File has been shut down. Rejecting post to stat
1513014554667	geckodriver	INFO	geckodriver 0.19.1
1513014554756	geckodriver	INFO	Listening on 127.0.0.1:26663
1513014556894	mozrunner::runner	INFO	Running command: "C:\\Program Files\\Mozilla Firefox\\firefox.exe" "-marionette" "-profile" "C:\\Users\\mayurib\\AppData\\Local\\Temp\\rust_mozprofile.2glW73XpldEx"
1513014559254	Marionette	INFO	Enabled via --marionette
Unable to read VR Path Registry from C:\Users\mayurib\AppData\Local\openvr\openvrpaths.vrpath
[Child 19228, Chrome_ChildThread] WARNING: pipe error: 109: file z:/build/build/src/ipc/chromium/src/chrome/common/ipc_channel_win.cc, line 346
[Child 19228, Chrome_ChildThread] WARNING: pipe error: 109: file z:/build/build/src/ipc/chromium/src/chrome/common/ipc_channel_win.cc, line 346
1513014564028	Marionette	INFO	Listening on port 26672
1513014564877	Marionette	WARN	TLS certificate errors will be ignored for this session
1513014564971	Marionette	DEBUG	Register listener.js for window 4294967297
1513014581294	Marionette	DEBUG	Received DOM event "beforeunload" for "about:blank"
1513014581900	Marionette	DEBUG	Received DOM event "pagehide" for "about:blank"
1513014581901	Marionette	DEBUG	Received DOM event "unload" for "about:blank"
1513014582567	Marionette	DEBUG	Received DOM event "DOMContentLoaded" for "http://demo.borland.com/InsuranceWebExtJS/index.jsf"
1513014583286	Marionette	DEBUG	Received DOM event "pageshow" for "http://demo.borland.com/InsuranceWebExtJS/index.jsf"
1513014583444	Marionette	DEBUG	Received DOM event "beforeunload" for "http://demo.borland.com/InsuranceWebExtJS/index.jsf"
1513014583848	Marionette	DEBUG	Received DOM event "pagehide" for "http://demo.borland.com/InsuranceWebExtJS/index.jsf"
1513014583849	Marionette	DEBUG	Received DOM event "unload" for "http://demo.borland.com/InsuranceWebExtJS/index.jsf"
1513014584700	Marionette	DEBUG	Received DOM event "DOMContentLoaded" for "http://demo.borland.com/InsuranceWebExtJS/signup.jsf"
1513014585131	Marionette	DEBUG	Received DOM event "pageshow" for "http://demo.borland.com/InsuranceWebExtJS/signup.jsf"
Unable to read VR Path Registry from C:\Users\mayurib\AppData\Local\openvr\openvrpaths.vrpath
[Child 16020, Chrome_ChildThread] WARNING: pipe error: 109: file z:/build/build/src/ipc/chromium/src/chrome/common/ipc_channel_win.cc, line 346
[Child 16020, Chrome_ChildThread] WARNING: pipe error: 109: file z:/build/build/src/ipc/chromium/src/chrome/common/ipc_channel_win.cc, line 346

###!!! [Child][MessageChannel::SendAndWait] Error: Channel error: cannot send/recv

Unable to read VR Path Registry from C:\Users\mayurib\AppData\Local\openvr\openvrpaths.vrpath
1513015475571	geckodriver	INFO	geckodriver 0.19.1
1513015475673	geckodriver	INFO	Listening on 127.0.0.1:26782
1513015477932	mozrunner::runner	INFO	Running command: "C:\\Program Files\\Mozilla Firefox\\firefox.exe" "-marionette" "-profile" "C:\\Users\\mayurib\\AppData\\Local\\Temp\\rust_mozprofile.rOfqNqHNTkCY"
1513015481172	Marionette	INFO	Enabled via --marionette
Unable to read VR Path Registry from C:\Users\mayurib\AppData\Local\openvr\openvrpaths.vrpath
[Child 23836, Chrome_ChildThread] WARNING: pipe error: 109: file z:/build/build/src/ipc/chromium/src/chrome/common/ipc_channel_win.cc, line 346
[Child 23836, Chrome_ChildThread] WARNING: pipe error: 109: file z:/build/build/src/ipc/chromium/src/chrome/common/ipc_channel_win.cc, line 346
1513015485236	Marionette	INFO	Listening on port 26794
1513015486112	Marionette	WARN	TLS certificate errors will be ignored for this session
1513015486208	Marionette	DEBUG	Register listener.js for window 4294967297
Unable to read VR Path Registry from C:\Users\mayurib\AppData\Local\openvr\openvrpaths.vrpath
[Child 10672, C1513015601361	mozrunner::runner	INFO	Running command: "C:\\Program Files\\Mozilla Firefox\\firefox.exe" "-marionette" "-profile" "C:\\Users\\mayurib\\AppData\\Local\\Temp\\rust_mozprofile.KRwBGGhP0TjZ"
1513015602857	Marionette	INFO	Enabled via --marionette
Unable to read VR Path Registry from C:\Users\mayurib\AppData\Local\openvr\openvrpaths.vrpath
[Parent 24072, Gecko_IOThread] WARNING: pipe error: 109: file z:/build/build/src/ipc/chromium/src/chrome/common/ipc_channel_win.cc, line 346
Unable to read VR Path Registry from C:\Users\mayurib\AppData\Local\openvr\openvrpaths.vrpath
[Child 12964, Chrome_ChildThread] WARNING: pipe error: 109: file z:/build/build/src/ipc/chromium/src/chrome/common/ipc_channel_win.cc, line 346
[Child 12964, Chrome_ChildThread] WARNING: pipe error: 109: file z:/build/build/src/ipc/chromium/src/chrome/common/ipc_channel_win.cc, line 346
1513015607217	Marionette	INFO	Listening on port 26851
1513015607822	Marionette	WARN	TLS certificate errors will be ignored for this session
1513015607960	Marionette	DEBUG	Register listener.js for window 4294967297
1513015616306	Marionette	DEBUG	Received DOM event "beforeunload" for "about:blank"
1513015616708	Marionette	DEBUG	Received DOM event "pagehide" for "about:blank"
1513015616709	Marionette	DEBUG	Received DOM event "unload" for "about:blank"
1513015617273	Marionette	DEBUG	Received DOM event "DOMContentLoaded" for "http://demo.borland.com/InsuranceWebExtJS/index.jsf"
1513015618005	Marionette	DEBUG	Received DOM event "pageshow" for "http://demo.borland.com/InsuranceWebExtJS/index.jsf"
1513015618134	Marionette	DEBUG	Received DOM event "beforeunload" for "http://demo.borland.com/InsuranceWebExtJS/index.jsf"
1513015618547	Marionette	DEBUG	Received DOM event "pagehide" for "http://demo.borland.com/InsuranceWebExtJS/index.jsf"
1513015618548	Marionette	DEBUG	Received DOM event "unload" for "http://demo.borland.com/InsuranceWebExtJS/index.jsf"
1513015619316	Marionette	DEBUG	Received DOM event "DOMContentLoaded" for "http://demo.borland.com/InsuranceWebExtJS/signup.jsf"
1513015619741	Marionette	DEBUG	Received DOM event "pageshow" for "http://demo.borland.com/InsuranceWebExtJS/signup.jsf"
1513015629534	Marionette	DEBUG	Received DOM event "beforeunload" for "http://demo.borland.com/InsuranceWebExtJS/signup.jsf"
1513015629821	Marionette	DEBUG	Received DOM event "pagehide" for "http://demo.borland.com/InsuranceWebExtJS/signup.jsf"
1513015629826	Marionette	DEBUG	Received DOM event "unload" for "http://demo.borland.com/InsuranceWebExtJS/signup.jsf"
1513015630135	Marionette	DEBUG	Received DOM event "DOMContentLoaded" for "http://demo.borland.com/InsuranceWebExtJS/signup.jsf"
1513015630158	Marionette	DEBUG	Received DOM event "pageshow" for "http://demo.borland.com/InsuranceWebExtJS/signup.jsf"
IPDL protocol error: Handler returned error code!

###!!! [Parent][DispatchAsyncMessage] Error: PAPZCTreeManager::Msg_SetTargetAPZC Processing error: message was deserialized, but the handler returned false (indicating failure)

[Parent 24072, Gecko_IOThread] WARNING: pipe error: 109: file z:/build/build/src/ipc/chromium/src/chrome/common/ipc_channel_win.cc, line 346
Unable to read VR Path Registry from C:\Users\mayurib\AppData\Local\openvr\openvrpaths.vrpath
[Child 18120, Chrome_ChildThread] WARNING: pipe error: 109: file z:/build/b1513015958555	Marionette	INFO	Enabled via --marionette
1513015962421	Marionette	INFO	Listening on port 26999
1513015963056	Marionette	WARN	TLS certificate errors will be ignored for this session
1513015963169	Marionette	DEBUG	Register listener.js for window 4294967297
1513015971464	Marionette	DEBUG	Received DOM event "beforeunload" for "about:blank"
1513015971875	Marionette	DEBUG	Received DOM event "pagehide" for "about:blank"
1513015971876	Marionette	DEBUG	Received DOM event "unload" for "about:blank"
1513015972486	Marionette	DEBUG	Received DOM event "DOMContentLoaded" for "http://demo.borland.com/InsuranceWebExtJS/index.jsf"
1513015973190	Marionette	DEBUG	Received DOM event "pageshow" for "http://demo.borland.com/InsuranceWebExtJS/index.jsf"
1513015973340	Marionette	DEBUG	Received DOM event "beforeunload" for "http://demo.borland.com/InsuranceWebExtJS/index.jsf"
1513015973759	Marionette	DEBUG	Received DOM event "pagehide" for "http://demo.borland.com/InsuranceWebExtJS/index.jsf"
1513015973760	Marionette	DEBUG	Received DOM event "unload" for "http://demo.borland.com/InsuranceWebExtJS/index.jsf"
1513015974535	Marionette	DEBUG	Received DOM event "DOMContentLoaded" for "http://demo.borland.com/InsuranceWebExtJS/signup.jsf"
1513015974985	Marionette	DEBUG	Received DOM event "pageshow" for "http://demo.borland.com/InsuranceWebExtJS/signup.jsf"
1513015984768	Marionette	DEBUG	Received DOM event "beforeunload" for "http://demo.borland.com/InsuranceWebExtJS/signup.jsf"
1513015985107	Marionette	DEBUG	Received DOM event "pagehide" for "http://demo.borland.com/InsuranceWebExtJS/signup.jsf"
1513015985113	Marionette	DEBUG	Received DOM event "unload" for "http://demo.borland.com/InsuranceWebExtJS/signup.jsf"
1513015985451	Marionette	DEBUG	Received DOM event "DOMContentLoaded" for "http://demo.borland.com/InsuranceWebExtJS/signup.jsf"
1513015985508	Marionette	DEBUG	Received DOM event "pageshow" for "http://demo.borland.com/InsuranceWebExtJS/signup.jsf"
Unable to read VR Path Registry from C:\Users\mayurib\AppData\Local\openvr\openvrpaths.vrpath
[Parent 9108, Gecko_IOThread] WARNING: pipe error: 109: file z:/build/build/src/ipc/chromium/src/chrome/common/ipc_channel_win.cc, line 346
*** UTM:SVC TimerManager:registerTimer called after profile-before-change notification. Ignoring timer registration for id: telemetry_modules_ping

###!!! [Child][MessageChannel::SendAndWait] Error: Channel error: cannot send/recv

1513016065222	geckodriver	INFO	geckodriver 0.19.1
1513016065293	geckodriver	INFO	Listening on 127.0.0.1:27093
1513016067695	mozrunner::runner	INFO	Running command: "C:\\Program Files\\Mozilla Firefox\\firefox.exe" "-marionette" "-profile" "C:\\Users\\mayurib\\AppData\\Local\\Temp\\rust_mozprofile.F3idbPz5RgCE"
1513016070462	Marionette	INFO	Enabled via --marionette
1513016074760	Marionette	INFO	Listening on port 27101
1513016075594	Marionette	WARN	TLS certificate errors will be ignored for this session
1513016075678	Marionette	DEBUG	Register listener.js for window 4294967297
1513016083917	Marionette	DEBUG	Received DOM event "beforeunload" for "about:blank"
1513016084307	Marionette	DEBUG	Received DOM event "pagehide" for "about:blank"
1513016084307	Marionette	DEBUG	Received DOM event "unload" for "about:blank"
1513016085016	Marionette	DEBUG	Received DOM event "DOMContentLoaded" for "http://demo.borland.com/InsuranceWebExtJS/index.jsf"
1513016085735	Marionette	DEBUG	Received DOM event "pageshow" for "http://demo.borland.com/InsuranceWebExtJS/index.jsf"
1513016085975	Marionette	DEBUG	Received DOM event "beforeunload" for "http://demo.borland.com/InsuranceWebExtJS/index.jsf"
1513016086461	Marionette	DEBUG	Received DOM event "pagehide" for "http://demo.borland.com/InsuranceWebExtJS/index.jsf"
1513016086463	Marionette	DEBUG	Received DOM event "unload" for "http://demo.borland.com/InsuranceWebExtJS/index.jsf"
1513016087932	Marionette	DEBUG	Received DOM event "DOMContentLoaded" for "http://demo.borland.com/InsuranceWebExtJS/signup.jsf"
1513016088346	Marionette	DEBUG	Received DOM event "pageshow" for "http://demo.borland.com/InsuranceWebExtJS/signup.jsf"
1513016098252	Marionette	DEBUG	Received DOM event "beforeunload" for "http://demo.borland.com/InsuranceWebExtJS/signup.jsf"
1513016098671	Marionette	DEBUG	Received DOM event "pagehide" for "http://demo.borland.com/InsuranceWebExtJS/signup.jsf"
1513016098682	Marionette	DEBUG	Received DOM event "unload" for "http://demo.borland.com/InsuranceWebExtJS/signup.jsf"
1513016099628	Marionette	DEBUG	Received DOM event "DOMContentLoaded" for "http://demo.borland.com/InsuranceWebExtJS/signup.jsf"
1513016099670	Marionette	DEBUG	Received DOM event "pageshow" for "http://demo.borland.com/InsuranceWebExtJS/signup.jsf"
Unable to read VR Path Registry from C:\Users\mayurib\AppData\Local\openvr\openvrpaths.vrpath
[Parent 20500, Gecko_IOThread] WARNING: pipe error: 109: file z:/build/build/src/ipc/chromium/src/chrome/common/ipc_channel_win.cc, line 346
[Parent 20500, Gecko_IOThread] WARNING: pipe error: 109: file z:/build/build/src/ipc/chromium/src/chrome/common/ipc_channel_win.cc, line 346
Unable to read VR Path Registry from C:\Users\mayurib\AppData\Local\openvr\openvrpaths.vrpath
[Child 8984, Chrome_ChildThread] WARNING: pipe error: 109: file z:/build/build/src/ipc/chromium/src/chrome/common/ipc_channel_win.cc, line 346
*** UTM:SVC TimerManager:registerTimer called after profile-before-change notification. Ignoring timer registration for id: telemetry_modules_ping

###!!! [Child][MessageChannel::SendAndWait] Error: Channel error: cannot send/recv

1513016515144	geckodriver	INFO	geckodriver 0.19.1
1513016515202	geckodriver	INFO	Listening on 127.0.0.1:27433
1513016517272	mozrunner::runner	INFO	Running command: "C:\\Program Files\\Mozilla Firefox\\firefox.exe" "-marionette" "-profile" "C:\\Users\\mayurib\\AppData\\Local\\Temp\\rust_mozprofile.QJwHk4mFEltq"
1513016518866	Marionette	INFO	Enabled via --marionette
[GFX1-]: Could not get a DXGI adapter
Unable to read VR Path Registry from C:\Users\mayurib\AppData\Local\openvr\openvrpaths.vrpath
[Parent 23052, Gecko_IOThread] WARNING: pipe error: 109: file z:/build/build/src/ipc/chromium/src/chrome/common/ipc_channel_win.cc, line 346
Unable to read VR Path Registry from C:\Users\mayurib\AppData\Local\openvr\openvrpaths.vrpath
[Child 13928, Chrome_ChildThread] WARNING: pipe error: 109: file z:/build/build/src/ipc/chromium/src/chrome/common/ipc_channel_win.cc, line 346
[Child 13928, Chrome_ChildThread] WARNING: pipe error: 109: file z:/build/build/src/ipc/chromium/src/chrome/common/ipc_channel_win.cc, line 346
[GFX1-]: Could not get a DXGI adapter
[GFX1-]: Could not get a DXGI adapter
1513016523037	Marionette	INFO	Listening on port 27481
1513016523333	Marionette	WARN	TLS certificate errors will be ignored for this session
1513016523463	Marionette	DEBUG	Register listener.js for window 4294967297
1513016527992	Marionette	DEBUG	Received DOM event "beforeunload" for "about:blank"
1513016528335	Marionette	DEBUG	Received DOM event "pagehide" for "about:blank"
1513016528335	Marionette	DEBUG	Received DOM event "unload" for "about:blank"
1513016528793	Marionette	DEBUG	Received DOM event "DOMContentLoaded" for "http://demo.borland.com/InsuranceWebExtJS/index.jsf"
1513016529574	Marionette	DEBUG	Received DOM event "pageshow" for "http://demo.borland.com/InsuranceWebExtJS/index.jsf"
1513016529648	Marionette	DEBUG	Received DOM event "beforeunload" for "http://demo.borland.com/InsuranceWebExtJS/index.jsf"
1513016530006	Marionette	DEBUG	Received DOM event "pagehide" for "http://demo.borland.com/InsuranceWebExtJS/index.jsf"
1513016530008	Marionette	DEBUG	Received DOM event "unload" for "http://demo.borland.com/InsuranceWebExtJS/index.jsf"
1513016531926	Marionette	DEBUG	Received DOM event "DOMContentLoaded" for "http://demo.borland.com/InsuranceWebExtJS/signup.jsf"
1513016532360	Marionette	DEBUG	Received DOM event "pageshow" for "http://demo.borland.com/InsuranceWebExtJS/signup.jsf"
1513016539236	Marionette	DEBUG	Canceled page load listener because no navigation has been detected
1513016542520	Marionette	DEBUG	Received DOM event "beforeunload" for "http://demo.borland.com/InsuranceWebExtJS/signup.jsf"
1513016542877	Marionette	DEBUG	Received DOM event "pagehide" for "http://demo.borland.com/InsuranceWebExtJS/signup.jsf"
1513016542887	Marionette	DEBUG	Received DOM event "unload" for "http://demo.borland.com/InsuranceWebExtJS/signup.jsf"
1513016543310	Marionette	DEBUG	Received DOM event "DOMContentLoaded" for "http://demo.borland.com/InsuranceWebExtJS/signup.jsf"
1513016543365	Marionette	DEBUG	Received DOM event "pageshow" for "http://demo.borland.com/InsuranceWebExtJS/signup.jsf"
Unable to read VR Path Registry from C:\Users\mayurib\AppData\Local\openvr\openvrpaths.vrpath
[Child 11260, Chrome_ChildThread] WARNING: pipe error: 109: file z:/build/build/src/ipc/chromium/src/chrome/common/ipc_channel_win.cc, line 346
*** UTM:SVC TimerManager:registerTimer called after profile-before-change notification. Ignoring timer registration for id: telemetry_modules_ping

###!!! [Child][MessageChannel::SendAndWait] Error: Channel error: cannot send/recv

1513016680847	geckodriver	INFO	geckodriver 0.19.1
1513016680910	geckodriver	INFO	Listening on 127.0.0.1:27566
1513016682990	mozrunner::runner	INFO	Running command: "C:\\Program Files\\Mozilla Firefox\\firefox.exe" "-marionette" "-profile" "C:\\Users\\mayurib\\AppData\\Local\\Temp\\rust_mozprofile.RS1oQOMAcv1h"
1513016684287	Marionette	INFO	Enabled via --marionette
Unable to read VR Path Registry from C:\Users\mayurib\AppData\Local\openvr\openvrpaths.vrpath
[Child 4440, Chrome_ChildThread] WARNING: pipe error: 109: file z:/build/build/src/ipc/chromium/src/chrome/common/ipc_channel_win.cc, line 346
[Child 4440, Chrome_ChildThread] WARNING: pipe error: 109: file z:/build/build/src/ipc/chromium/src/chrome/common/ipc_channel_win.cc, line 346
1513016688181	Marionette	INFO	Listening on port 27572
1513016688902	Marionette	WARN	TLS certificate errors will be ignored for this session
1513016689009	Marionette	DEBUG	Register listener.js for window 4294967297
1513016693277	Marionette	DEBUG	Received DOM event "beforeunload" for "about:blank"
1513016693650	Marionette	DEBUG	Received DOM event "pagehide" for "about:blank"
1513016693651	Marionette	DEBUG	Received DOM event "unload" for "about:blank"
1513016694257	Marionette	DEBUG	Received DOM event "DOMContentLoaded" for "http://demo.borland.com/InsuranceWebExtJS/index.jsf"
1513016694962	Marionette	DEBUG	Received DOM event "pageshow" for "http://demo.borland.com/InsuranceWebExtJS/index.jsf"
1513016695168	Marionette	DEBUG	Received DOM event "beforeunload" for "http://demo.borland.com/InsuranceWebExtJS/index.jsf"
1513016695649	Marionette	DEBUG	Received DOM event "pagehide" for "http://demo.borland.com/InsuranceWebExtJS/index.jsf"
1513016695651	Marionette	DEBUG	Received DOM event "unload" for "http://demo.borland.com/InsuranceWebExtJS/index.jsf"
1513016697270	Marionette	DEBUG	Received DOM event "DOMContentLoaded" for "http://demo.borland.com/InsuranceWebExtJS/signup.jsf"
1513016697537	Marionette	DEBUG	Received DOM event "pageshow" for "http://demo.borland.com/InsuranceWebExtJS/signup.jsf"
1513016704394	Marionette	DEBUG	Canceled page load listener because no navigation has been detected
1513016707683	Marionette	DEBUG	Received DOM event "beforeunload" for "http://demo.borland.com/InsuranceWebExtJS/signup.jsf"
1513016708112	Marionette	DEBUG	Received DOM event "pagehide" for "http://demo.borland.com/InsuranceWebExtJS/signup.jsf"
1513016708119	Marionette	DEBUG	Received DOM event "unload" for "http://demo.borland.com/InsuranceWebExtJS/signup.jsf"
1513016708535	Marionette	DEBUG	Received DOM event "DOMContentLoaded" for "http://demo.borland.com/InsuranceWebExtJS/signup.jsf"
1513016708614	Marionette	DEBUG	Received DOM event "pageshow" for "http://demo.borland.com/InsuranceWebExtJS/signup.jsf"
Unable to read VR Path Registry from C:\Users\mayurib\AppData\Local\openvr\openvrpaths.vrpath
[Parent 20076, Gecko_IOThread] WARNING: pipe error: 109: file z:/build/build/src/ipc/chromium/src/chrome/common/ipc_channel_win.cc, line 346
Unable to read VR Path Registry from C:\Users\mayurib\AppData\Local\openvr\openvrpaths.vrpath
[Child 8420, Chrome_ChildThread] WARNING: pipe error: 109: file z:/build/build/src/ipc/chromium/src/chrome/common/ipc_channel_win.cc, line 346
[Child 8420, Chrome_ChildThread] WARNING: pipe error: 109: file z:/build/build/src/ipc/chromium/src/chrome/common/ipc_channel_win.cc, line 346
*** UTM:SVC TimerManager:registerTimer called after profile-before-change notification. Ignoring timer registration for id: telemetry_modules_ping

###!!! [Child][MessageChannel::SendAndWait] Error: Channel error: cannot send/recv

1513067407320	geckodriver	INFO	geckodriver 0.19.1
1513067407350	geckodriver	INFO	Listening on 127.0.0.1:33930
1513067409731	mozrunner::runner	INFO	Running command: "C:\\Program Files\\Mozilla Firefox\\firefox.exe" "-marionette" "-profile" "C:\\Users\\mayurib\\AppData\\Local\\Temp\\rust_mozprofile.lQHRf93pYaXC"
1513067412100	Marionette	INFO	Enabled via --marionette
Unable to read VR Path Registry from C:\Users\mayurib\AppData\Local\openvr\openvrpaths.vrpath
[Child 13924, Chrome_ChildThread] WARNING: pipe error: 109: file z:/build/build/src/ipc/chromium/src/chrome/common/ipc_channel_win.cc, line 346
[Child 13924, Chrome_ChildThread] WARNING: pipe error: 109: file z:/build/build/src/ipc/chromium/src/chrome/common/ipc_channel_win.cc, line 346
1513067416269	Marionette	INFO	Listening on port 33936
1513067416485	Marionette	WARN	TLS certificate errors will be ignored for this session
1513067416615	Marionette	DEBUG	Register listener.js for window 4294967297
1513067421070	Marionette	DEBUG	Received DOM event "beforeunload" for "about:blank"
1513067421609	Marionette	DEBUG	Received DOM event "pagehide" for "about:blank"
1513067421609	Marionette	DEBUG	Received DOM event "unload" for "about:blank"
1513067422021	Marionette	DEBUG	Received DOM event "DOMContentLoaded" for "http://demo.borland.com/InsuranceWebExtJS/index.jsf"
1513067422795	Marionette	DEBUG	Received DOM event "pageshow" for "http://demo.borland.com/InsuranceWebExtJS/index.jsf"
1513067422882	Marionette	DEBUG	Received DOM event "beforeunload" for "http://demo.borland.com/InsuranceWebExtJS/index.jsf"
1513067423256	Marionette	DEBUG	Received DOM event "pagehide" for "http://demo.borland.com/InsuranceWebExtJS/index.jsf"
1513067423257	Marionette	DEBUG	Received DOM event "unload" for "http://demo.borland.com/InsuranceWebExtJS/index.jsf"
1513067425584	Marionette	DEBUG	Received DOM event "DOMContentLoaded" for "http://demo.borland.com/InsuranceWebExtJS/signup.jsf"
1513067425871	Marionette	DEBUG	Received DOM event "pageshow" for "http://demo.borland.com/InsuranceWebExtJS/signup.jsf"
1513067432368	Marionette	DEBUG	Canceled page load listener because no navigation has been detected
1513067435531	Marionette	DEBUG	Received DOM event "beforeunload" for "http://demo.borland.com/InsuranceWebExtJS/signup.jsf"
1513067435713	Marionette	DEBUG	Received DOM event "beforeunload" for "http://demo.borland.com/InsuranceWebExtJS/signup.jsf"
1513067435916	Marionette	DEBUG	Received DOM event "pagehide" for "http://demo.borland.com/InsuranceWebExtJS/signup.jsf"
1513067435927	Marionette	DEBUG	Received DOM event "unload" for "http://demo.borland.com/InsuranceWebExtJS/signup.jsf"
1513067435942	Marionette	DEBUG	Received observer notification "outer-window-destroyed" for "4294967297"
Unable to read VR Path Registry from C:\Users\mayurib\AppData\Local\openvr\openvrpaths.vrpath
[Parent 22596, Gecko_IOThread] WARNING: pipe error: 109: file z:/build/build/src/ipc/chromium/src/chrome/common/ipc_channel_win.cc, line 346
*** UTM:SVC TimerManager:registerTimer called after profile-before-change notification. Ignoring timer registration for id: telemetry_modules_ping
1513071967530	geckodriver	INFO	geckodriver 0.19.1
1513071967599	geckodriver	INFO	Listening on 127.0.0.1:34711
1513071969946	mozrunner::runner	INFO	Running command: "C:\\Program Files\\Mozilla Firefox\\firefox.exe" "-marionette" "-profile" "C:\\Users\\mayurib\\AppData\\Local\\Temp\\rust_mozprofile.s8jI1EeAx1uN"
1513071973040	Marionette	INFO	Enabled via --marionette
[GFX1-]: Could not get a DXGI adapter
Unable to read VR Path Registry from C:\Users\mayurib\AppData\Local\openvr\openvrpaths.vrpath
[Child 7800, Chrome_ChildThread] WARNING: pipe error: 109: file z:/build/build/src/ipc/chromium/src/chrome/common/ipc_channel_win.cc, line 346
[Child 7800, Chrome_ChildThread] WARNING: pipe error: 109: file z:/build/build/src/ipc/chromium/src/chrome/common/ipc_channel_win.cc, line 346
[GFX1-]: Could not get a DXGI adapter
[GFX1-]: Could not get a DXGI adapter
1513071977629	Marionette	INFO	Listening on port 34718
1513071977930	Marionette	WARN	TLS certificate errors will be ignored for this session
1513071978022	Marionette	DEBUG	Register listener.js for window 4294967297
1513071982385	Marionette	DEBUG	Received DOM event "beforeunload" for "about:blank"
1513071982924	Marionette	DEBUG	Received DOM event "pagehide" for "about:blank"
1513071982924	Marionette	DEBUG	Received DOM event "unload" for "about:blank"
1513071983307	Marionette	DEBUG	Received DOM event "DOMContentLoaded" for "http://demo.borland.com/InsuranceWebExtJS/index.jsf"
1513071984060	Marionette	DEBUG	Received DOM event "pageshow" for "http://demo.borland.com/InsuranceWebExtJS/index.jsf"
1513071984127	Marionette	DEBUG	Received DOM event "beforeunload" for "http://demo.borland.com/InsuranceWebExtJS/index.jsf"
1513071984471	Marionette	DEBUG	Received DOM event "pagehide" for "http://demo.borland.com/InsuranceWebExtJS/index.jsf"
1513071984473	Marionette	DEBUG	Received DOM event "unload" for "http://demo.borland.com/InsuranceWebExtJS/index.jsf"
1513071986365	Marionette	DEBUG	Received DOM event "DOMContentLoaded" for "http://demo.borland.com/InsuranceWebExtJS/signup.jsf"
1513071986756	Marionette	DEBUG	Received DOM event "pageshow" for "http://demo.borland.com/InsuranceWebExtJS/signup.jsf"
1513071993633	Marionette	DEBUG	Canceled page load listener because no navigation has been detected
1513071996926	Marionette	DEBUG	Received DOM event "beforeunload" for "http://demo.borland.com/InsuranceWebExtJS/signup.jsf"
1513071998356	Marionette	DEBUG	Received DOM event "pagehide" for "http://demo.borland.com/InsuranceWebExtJS/signup.jsf"
1513071998364	Marionette	DEBUG	Received DOM event "unload" for "http://demo.borland.com/InsuranceWebExtJS/signup.jsf"
1513071999309	Marionette	DEBUG	Received DOM event "DOMContentLoaded" for "http://demo.borland.com/InsuranceWebExtJS/signup.jsf"
1513071999459	Marionette	DEBUG	Received DOM event "pageshow" for "http://demo.borland.com/InsuranceWebExtJS/signup.jsf"
Unable to read VR Path Registry from C:\Users\mayurib\AppData\Local\openvr\openvrpaths.vrpath
[Child 17744, Chrome_ChildThread] WARNING: pipe error: 109: file z:/build/build/src/ipc/chromium/src/chrome/common/ipc_channel_win.cc, line 346
*** UTM:SVC TimerManager:registerTimer called after profile-before-change notification. Ignoring timer registration for id: telemetry_modules_ping

###!!! [Child][MessageChannel::SendAndWait] Error: Channel error: cannot send/recv

Unable to read VR Path Registry from C:\Users\mayurib\AppData\Local\openvr\openvrpaths.vrpath
1513080975511	geckodriver	INFO	geckodriver 0.19.1
1513080975551	geckodriver	INFO	Listening on 127.0.0.1:37042
1513080977573	mozrunner::runner	INFO	Running command: "C:\\Program Files\\Mozilla Firefox\\firefox.exe" "-marionette" "-profile" "C:\\Users\\mayurib\\AppData\\Local\\Temp\\rust_mozprofile.oTGYt55YaUM2"
1513080979957	Marionette	INFO	Enabled via --marionette
Unable to read VR Path Registry from C:\Users\mayurib\AppData\Local\openvr\openvrpaths.vrpath
[Child 24116, Chrome_ChildThread] WARNING: pipe error: 109: file z:/build/build/src/ipc/chromium/src/chrome/common/ipc_channel_win.cc, line 346
[Child 24116, Chrome_ChildThread] WARNING: pipe error: 109: file z:/build/build/src/ipc/chromium/src/chrome/common/ipc_channel_win.cc, line 346
1513080984148	Marionette	INFO	Listening on port 37048
1513080984420	Marionette	WARN	TLS certificate errors will be ignored for this session
1513080984549	Marionette	DEBUG	Register listener.js for window 4294967297
1513080989144	Marionette	DEBUG	Received DOM event "beforeunload" for "about:blank"
1513080989692	Marionette	DEBUG	Received DOM event "pagehide" for "about:blank"
1513080989692	Marionette	DEBUG	Received DOM event "unload" for "about:blank"
1513080990089	Marionette	DEBUG	Received DOM event "DOMContentLoaded" for "http://demo.borland.com/InsuranceWebExtJS/index.jsf"
1513080990816	Marionette	DEBUG	Received DOM event "pageshow" for "http://demo.borland.com/InsuranceWebExtJS/index.jsf"
1513080990906	Marionette	DEBUG	Received DOM event "beforeunload" for "http://demo.borland.com/InsuranceWebExtJS/index.jsf"
1513080991310	Marionette	DEBUG	Received DOM event "pagehide" for "http://demo.borland.com/InsuranceWebExtJS/index.jsf"
1513080991310	Marionette	DEBUG	Received DOM event "unload" for "http://demo.borland.com/InsuranceWebExtJS/index.jsf"
1513080993497	Marionette	DEBUG	Received DOM event "DOMContentLoaded" for "http://demo.borland.com/InsuranceWebExtJS/signup.jsf"
1513080993830	Marionette	DEBUG	Received DOM event "pageshow" for "http://demo.borland.com/InsuranceWebExtJS/signup.jsf"
1513081000887	Marionette	DEBUG	Canceled page load listener because no navigation has been detected
1513081004231	Marionette	DEBUG	Received DOM event "beforeunload" for "http://demo.borland.com/InsuranceWebExtJS/signup.jsf"
1513081004622	Marionette	DEBUG	Received DOM event "pagehide" for "http://demo.borland.com/InsuranceWebExtJS/signup.jsf"
1513081004629	Marionette	DEBUG	Received DOM event "unload" for "http://demo.borland.com/InsuranceWebExtJS/signup.jsf"
1513081005314	Marionette	DEBUG	Received DOM event "DOMContentLoaded" for "http://demo.borland.com/InsuranceWebExtJS/signup.jsf"
1513081005329	Marionette	DEBUG	Received DOM event "pageshow" for "http://demo.borland.com/InsuranceWebExtJS/signup.jsf"
Unable to read VR Path Registry from C:\Users\mayurib\AppData\Local\openvr\openvrpaths.vrpath
[Child 7140, Chrome_ChildThread] WARNING: pipe error: 109: file z:/build/build/src/ipc/chromium/src/chrome/common/ipc_channel_win.cc, line 346
*** UTM:SVC TimerManager:registerTimer called after profile-before-change notification. Ignoring timer registration for id: telemetry_modules_ping

###!!! [Child][MessageChannel::SendAndWait] Error: Channel error: cannot send/recv

Unable to read VR Path Registry from C:\Users\mayurib\AppData\Local\openvr\openvrpaths.vrpath
